[0.006s] Invoking command in '/home/farhan-sw/Documents/Github/learn-ros2/section3/ros2_ws/build/my_cpp_pkg': CMAKE_PREFIX_PATH=${CMAKE_PREFIX_PATH}:/home/farhan-sw/Documents/Github/learn-ros2/section3/ros2_ws/install/my_py_pkg:/opt/ros/humble /usr/bin/cmake --build /home/farhan-sw/Documents/Github/learn-ros2/section3/ros2_ws/build/my_cpp_pkg -- -j16 -l16
[0.030s] [35m[1mConsolidate compiler generated dependencies of target robot_news_station[0m
[0.038s] [ 50%] Built target cpp_node
[0.042s] [ 75%] [32mBuilding CXX object CMakeFiles/robot_news_station.dir/src/robot_news_station.cpp.o[0m
[2.627s] [100%] [32m[1mLinking CXX executable robot_news_station[0m
[2.739s] [100%] Built target robot_news_station
[2.747s] Invoked command in '/home/farhan-sw/Documents/Github/learn-ros2/section3/ros2_ws/build/my_cpp_pkg' returned '0': CMAKE_PREFIX_PATH=${CMAKE_PREFIX_PATH}:/home/farhan-sw/Documents/Github/learn-ros2/section3/ros2_ws/install/my_py_pkg:/opt/ros/humble /usr/bin/cmake --build /home/farhan-sw/Documents/Github/learn-ros2/section3/ros2_ws/build/my_cpp_pkg -- -j16 -l16
[2.768s] Invoking command in '/home/farhan-sw/Documents/Github/learn-ros2/section3/ros2_ws/build/my_cpp_pkg': CMAKE_PREFIX_PATH=${CMAKE_PREFIX_PATH}:/home/farhan-sw/Documents/Github/learn-ros2/section3/ros2_ws/install/my_py_pkg:/opt/ros/humble /usr/bin/cmake --install /home/farhan-sw/Documents/Github/learn-ros2/section3/ros2_ws/build/my_cpp_pkg
[2.773s] -- Install configuration: ""
[2.773s] -- Up-to-date: /home/farhan-sw/Documents/Github/learn-ros2/section3/ros2_ws/install/my_cpp_pkg/lib/my_cpp_pkg/cpp_node
[2.773s] -- Installing: /home/farhan-sw/Documents/Github/learn-ros2/section3/ros2_ws/install/my_cpp_pkg/lib/my_cpp_pkg/robot_news_station
[2.774s] -- Set runtime path of "/home/farhan-sw/Documents/Github/learn-ros2/section3/ros2_ws/install/my_cpp_pkg/lib/my_cpp_pkg/robot_news_station" to ""
[2.774s] -- Up-to-date: /home/farhan-sw/Documents/Github/learn-ros2/section3/ros2_ws/install/my_cpp_pkg/share/ament_index/resource_index/package_run_dependencies/my_cpp_pkg
[2.774s] -- Up-to-date: /home/farhan-sw/Documents/Github/learn-ros2/section3/ros2_ws/install/my_cpp_pkg/share/ament_index/resource_index/parent_prefix_path/my_cpp_pkg
[2.774s] -- Up-to-date: /home/farhan-sw/Documents/Github/learn-ros2/section3/ros2_ws/install/my_cpp_pkg/share/my_cpp_pkg/environment/ament_prefix_path.sh
[2.774s] -- Up-to-date: /home/farhan-sw/Documents/Github/learn-ros2/section3/ros2_ws/install/my_cpp_pkg/share/my_cpp_pkg/environment/ament_prefix_path.dsv
[2.774s] -- Up-to-date: /home/farhan-sw/Documents/Github/learn-ros2/section3/ros2_ws/install/my_cpp_pkg/share/my_cpp_pkg/environment/path.sh
[2.774s] -- Up-to-date: /home/farhan-sw/Documents/Github/learn-ros2/section3/ros2_ws/install/my_cpp_pkg/share/my_cpp_pkg/environment/path.dsv
[2.774s] -- Up-to-date: /home/farhan-sw/Documents/Github/learn-ros2/section3/ros2_ws/install/my_cpp_pkg/share/my_cpp_pkg/local_setup.bash
[2.774s] -- Up-to-date: /home/farhan-sw/Documents/Github/learn-ros2/section3/ros2_ws/install/my_cpp_pkg/share/my_cpp_pkg/local_setup.sh
[2.775s] -- Up-to-date: /home/farhan-sw/Documents/Github/learn-ros2/section3/ros2_ws/install/my_cpp_pkg/share/my_cpp_pkg/local_setup.zsh
[2.775s] -- Up-to-date: /home/farhan-sw/Documents/Github/learn-ros2/section3/ros2_ws/install/my_cpp_pkg/share/my_cpp_pkg/local_setup.dsv
[2.775s] -- Installing: /home/farhan-sw/Documents/Github/learn-ros2/section3/ros2_ws/install/my_cpp_pkg/share/my_cpp_pkg/package.dsv
[2.775s] -- Up-to-date: /home/farhan-sw/Documents/Github/learn-ros2/section3/ros2_ws/install/my_cpp_pkg/share/ament_index/resource_index/packages/my_cpp_pkg
[2.775s] -- Up-to-date: /home/farhan-sw/Documents/Github/learn-ros2/section3/ros2_ws/install/my_cpp_pkg/share/my_cpp_pkg/cmake/my_cpp_pkgConfig.cmake
[2.775s] -- Up-to-date: /home/farhan-sw/Documents/Github/learn-ros2/section3/ros2_ws/install/my_cpp_pkg/share/my_cpp_pkg/cmake/my_cpp_pkgConfig-version.cmake
[2.775s] -- Up-to-date: /home/farhan-sw/Documents/Github/learn-ros2/section3/ros2_ws/install/my_cpp_pkg/share/my_cpp_pkg/package.xml
[2.776s] Invoked command in '/home/farhan-sw/Documents/Github/learn-ros2/section3/ros2_ws/build/my_cpp_pkg' returned '0': CMAKE_PREFIX_PATH=${CMAKE_PREFIX_PATH}:/home/farhan-sw/Documents/Github/learn-ros2/section3/ros2_ws/install/my_py_pkg:/opt/ros/humble /usr/bin/cmake --install /home/farhan-sw/Documents/Github/learn-ros2/section3/ros2_ws/build/my_cpp_pkg
