-- Found ament_cmake: 1.3.9 (/opt/ros/humble/share/ament_cmake/cmake)
-- Found rclcpp: 16.0.9 (/opt/ros/humble/share/rclcpp/cmake)
-- Found rosidl_generator_c: 3.1.5 (/opt/ros/humble/share/rosidl_generator_c/cmake)
-- Found rosidl_adapter: 3.1.5 (/opt/ros/humble/share/rosidl_adapter/cmake)
-- Found rosidl_generator_cpp: 3.1.5 (/opt/ros/humble/share/rosidl_generator_cpp/cmake)
-- Using all available rosidl_typesupport_c: rosidl_typesupport_fastrtps_c;rosidl_typesupport_introspection_c
-- Using all available rosidl_typesupport_cpp: rosidl_typesupport_fastrtps_cpp;rosidl_typesupport_introspection_cpp
-- Found rmw_implementation_cmake: 6.1.2 (/opt/ros/humble/share/rmw_implementation_cmake/cmake)
-- Found rmw_fastrtps_cpp: 6.2.6 (/opt/ros/humble/share/rmw_fastrtps_cpp/cmake)
-- Using RMW implementation 'rmw_fastrtps_cpp' as default
-- Found example_interfaces: 0.9.3 (/opt/ros/humble/share/example_interfaces/cmake)
-- Found my_robot_interfaces: 0.0.0 (/home/farhan-sw/Documents/Github/learn-ros2/section6-services/ros2_ws/install/my_robot_interfaces/share/my_robot_interfaces/cmake)
-- Configuring done
-- Generating done
-- Build files have been written to: /home/farhan-sw/Documents/Github/learn-ros2/section6-services/ros2_ws/build/my_cpp_pkg
[35m[1mConsolidate compiler generated dependencies of target add_two_ints_client[0m
[35m[1mConsolidate compiler generated dependencies of target add_two_ints_client_no_oop[0m
[35m[1mConsolidate compiler generated dependencies of target add_two_ints_server[0m
[ 12%] [32mBuilding CXX object CMakeFiles/hw_status_publisher.dir/src/hw_status_publisher.cpp.o[0m
[ 37%] Built target add_two_ints_client
[ 62%] Built target add_two_ints_client_no_oop
[ 87%] Built target add_two_ints_server
In file included from [01m[K/opt/ros/humble/include/rclcpp/rclcpp/logging.hpp:24[m[K,
                 from [01m[K/opt/ros/humble/include/rclcpp/rclcpp/client.hpp:40[m[K,
                 from [01m[K/opt/ros/humble/include/rclcpp/rclcpp/callback_group.hpp:24[m[K,
                 from [01m[K/opt/ros/humble/include/rclcpp/rclcpp/any_executable.hpp:20[m[K,
                 from [01m[K/opt/ros/humble/include/rclcpp/rclcpp/memory_strategy.hpp:25[m[K,
                 from [01m[K/opt/ros/humble/include/rclcpp/rclcpp/memory_strategies.hpp:18[m[K,
                 from [01m[K/opt/ros/humble/include/rclcpp/rclcpp/executor_options.hpp:20[m[K,
                 from [01m[K/opt/ros/humble/include/rclcpp/rclcpp/executor.hpp:37[m[K,
                 from [01m[K/opt/ros/humble/include/rclcpp/rclcpp/executors/multi_threaded_executor.hpp:25[m[K,
                 from [01m[K/opt/ros/humble/include/rclcpp/rclcpp/executors.hpp:21[m[K,
                 from [01m[K/opt/ros/humble/include/rclcpp/rclcpp/rclcpp.hpp:155[m[K,
                 from [01m[K/home/farhan-sw/Documents/Github/learn-ros2/section6-services/ros2_ws/src/my_cpp_pkg/src/hw_status_publisher.cpp:1[m[K:
[01m[K/home/farhan-sw/Documents/Github/learn-ros2/section6-services/ros2_ws/src/my_cpp_pkg/src/hw_status_publisher.cpp:[m[K In member function ‘[01m[Kvoid HardwareStatusPublisher::publishHardwareStatus()[m[K’:
[01m[K/home/farhan-sw/Documents/Github/learn-ros2/section6-services/ros2_ws/src/my_cpp_pkg/src/hw_status_publisher.cpp:24:41:[m[K [01;35m[Kwarning: [m[Kformat ‘[01m[K%f[m[K’ expects argument of type ‘[01m[Kdouble[m[K’, but argument 5 has type ‘[01m[Kmy_robot_interfaces::msg::HardwareStatus_<std::allocator<void> >::_temperature_type[m[K’ {aka ‘[01m[Klong int[m[K’} [[01;35m[K]8;;https://gcc.gnu.org/onlinedocs/gcc/Warning-Options.html#index-Wformat=-Wformat=]8;;[m[K]
   24 |         RCLCPP_INFO(this->get_logger(), [01;35m[K"Publishing: Temperature: %.2f, Motors Ready: %d"[m[K, [32m[Kmsg.temperature[m[K, msg.are_motors_ready);
      |                                         [01;35m[K^~~~~~~~~~~~~~~~~~~~~~~~~~~~~~~~~~~~~~~~~~~~~~~~~[m[K  [32m[K~~~~~~~~~~~~~~~[m[K
      |                                                                                                [32m[K|[m[K
      |                                                                                                [32m[Kmy_robot_interfaces::msg::HardwareStatus_<std::allocator<void> >::_temperature_type {aka long int}[m[K
[01m[K/home/farhan-sw/Documents/Github/learn-ros2/section6-services/ros2_ws/src/my_cpp_pkg/src/hw_status_publisher.cpp:24:70:[m[K [01;36m[Knote: [m[Kformat string is defined here
   24 |         RCLCPP_INFO(this->get_logger(), "Publishing: Temperature: [01;36m[K%.2f[m[K, Motors Ready: %d", msg.temperature, msg.are_motors_ready);
      |                                                                   [01;36m[K~~~^[m[K
      |                                                                      [01;36m[K|[m[K
      |                                                                      [01;36m[Kdouble[m[K
      |                                                                   [32m[K%.2ld[m[K
[100%] [32m[1mLinking CXX executable hw_status_publisher[0m
[100%] Built target hw_status_publisher
-- Install configuration: ""
-- Up-to-date: /home/farhan-sw/Documents/Github/learn-ros2/section6-services/ros2_ws/install/my_cpp_pkg/lib/my_cpp_pkg/add_two_ints_server
-- Up-to-date: /home/farhan-sw/Documents/Github/learn-ros2/section6-services/ros2_ws/install/my_cpp_pkg/lib/my_cpp_pkg/add_two_ints_client_no_oop
-- Up-to-date: /home/farhan-sw/Documents/Github/learn-ros2/section6-services/ros2_ws/install/my_cpp_pkg/lib/my_cpp_pkg/add_two_ints_client
-- Installing: /home/farhan-sw/Documents/Github/learn-ros2/section6-services/ros2_ws/install/my_cpp_pkg/share/ament_index/resource_index/package_run_dependencies/my_cpp_pkg
-- Installing: /home/farhan-sw/Documents/Github/learn-ros2/section6-services/ros2_ws/install/my_cpp_pkg/share/ament_index/resource_index/parent_prefix_path/my_cpp_pkg
-- Up-to-date: /home/farhan-sw/Documents/Github/learn-ros2/section6-services/ros2_ws/install/my_cpp_pkg/share/my_cpp_pkg/environment/ament_prefix_path.sh
-- Installing: /home/farhan-sw/Documents/Github/learn-ros2/section6-services/ros2_ws/install/my_cpp_pkg/share/my_cpp_pkg/environment/ament_prefix_path.dsv
-- Up-to-date: /home/farhan-sw/Documents/Github/learn-ros2/section6-services/ros2_ws/install/my_cpp_pkg/share/my_cpp_pkg/environment/path.sh
-- Installing: /home/farhan-sw/Documents/Github/learn-ros2/section6-services/ros2_ws/install/my_cpp_pkg/share/my_cpp_pkg/environment/path.dsv
-- Up-to-date: /home/farhan-sw/Documents/Github/learn-ros2/section6-services/ros2_ws/install/my_cpp_pkg/share/my_cpp_pkg/local_setup.bash
-- Up-to-date: /home/farhan-sw/Documents/Github/learn-ros2/section6-services/ros2_ws/install/my_cpp_pkg/share/my_cpp_pkg/local_setup.sh
-- Up-to-date: /home/farhan-sw/Documents/Github/learn-ros2/section6-services/ros2_ws/install/my_cpp_pkg/share/my_cpp_pkg/local_setup.zsh
-- Installing: /home/farhan-sw/Documents/Github/learn-ros2/section6-services/ros2_ws/install/my_cpp_pkg/share/my_cpp_pkg/local_setup.dsv
-- Installing: /home/farhan-sw/Documents/Github/learn-ros2/section6-services/ros2_ws/install/my_cpp_pkg/share/my_cpp_pkg/package.dsv
-- Up-to-date: /home/farhan-sw/Documents/Github/learn-ros2/section6-services/ros2_ws/install/my_cpp_pkg/share/ament_index/resource_index/packages/my_cpp_pkg
-- Up-to-date: /home/farhan-sw/Documents/Github/learn-ros2/section6-services/ros2_ws/install/my_cpp_pkg/share/my_cpp_pkg/cmake/my_cpp_pkgConfig.cmake
-- Up-to-date: /home/farhan-sw/Documents/Github/learn-ros2/section6-services/ros2_ws/install/my_cpp_pkg/share/my_cpp_pkg/cmake/my_cpp_pkgConfig-version.cmake
-- Installing: /home/farhan-sw/Documents/Github/learn-ros2/section6-services/ros2_ws/install/my_cpp_pkg/share/my_cpp_pkg/package.xml
