[0.007s] Invoking command in '/home/farhan-sw/Documents/Github/learn-ros2/section6-services/ros2_ws/build/my_robot_interfaces': CMAKE_PREFIX_PATH=${CMAKE_PREFIX_PATH}:/home/farhan-sw/Documents/Github/learn-ros2/section6-services/ros2_ws/install/my_py_pkg:/home/farhan-sw/Documents/Github/learn-ros2/section3/ros2_ws/install/my_py_pkg:/opt/ros/humble /usr/bin/cmake --build /home/farhan-sw/Documents/Github/learn-ros2/section6-services/ros2_ws/build/my_robot_interfaces -- -j16 -l16
[0.022s] -- Found ament_cmake: 1.3.9 (/opt/ros/humble/share/ament_cmake/cmake)
[0.100s] -- Found rosidl_default_generators: 1.2.0 (/opt/ros/humble/share/rosidl_default_generators/cmake)
[0.101s] -- Using all available rosidl_typesupport_c: rosidl_typesupport_fastrtps_c;rosidl_typesupport_introspection_c
[0.103s] -- Found rosidl_adapter: 3.1.5 (/opt/ros/humble/share/rosidl_adapter/cmake)
[0.120s] -- Using all available rosidl_typesupport_cpp: rosidl_typesupport_fastrtps_cpp;rosidl_typesupport_introspection_cpp
[0.292s] -- Found ament_cmake_ros: 0.10.0 (/opt/ros/humble/share/ament_cmake_ros/cmake)
[0.411s] -- Using all available rosidl_typesupport_c: rosidl_typesupport_fastrtps_c;rosidl_typesupport_introspection_c
[0.567s] -- Using all available rosidl_typesupport_cpp: rosidl_typesupport_fastrtps_cpp;rosidl_typesupport_introspection_cpp
[0.580s] -- Found python_cmake_module: 0.10.0 (/opt/ros/humble/share/python_cmake_module/cmake)
[0.594s] -- Using PYTHON_EXECUTABLE: /usr/bin/python3
[0.594s] -- Using PYTHON_INCLUDE_DIRS: /usr/include/python3.10
[0.594s] -- Using PYTHON_LIBRARIES: /usr/lib/x86_64-linux-gnu/libpython3.10.so
[0.606s] -- Configuring done
[0.625s] -- Generating done
[0.627s] -- Build files have been written to: /home/farhan-sw/Documents/Github/learn-ros2/section6-services/ros2_ws/build/my_robot_interfaces
[0.641s] [  1%] [34m[1mGenerating C code for ROS interfaces[0m
[0.648s] [  3%] [34m[1mGenerating C++ code for ROS interfaces[0m
[0.653s] [  3%] Built target ament_cmake_python_copy_my_robot_interfaces
[0.803s] running egg_info
[0.804s] writing my_robot_interfaces.egg-info/PKG-INFO
[0.804s] writing dependency_links to my_robot_interfaces.egg-info/dependency_links.txt
[0.804s] writing top-level names to my_robot_interfaces.egg-info/top_level.txt
[0.805s] reading manifest file 'my_robot_interfaces.egg-info/SOURCES.txt'
[0.805s] writing manifest file 'my_robot_interfaces.egg-info/SOURCES.txt'
[0.821s] [  3%] Built target ament_cmake_python_build_my_robot_interfaces_egg
[0.905s] [  3%] Built target my_robot_interfaces__cpp
[0.912s] [  5%] [34m[1mGenerating C++ type support for eProsima Fast-RTPS[0m
[0.912s] [  7%] [34m[1mGenerating C++ type support dispatch for ROS interfaces[0m
[0.912s] [  9%] [34m[1mGenerating C++ introspection for ROS interfaces[0m
[0.915s] [35m[1mConsolidate compiler generated dependencies of target my_robot_interfaces__rosidl_generator_c[0m
[0.923s] [ 14%] [32mBuilding C object CMakeFiles/my_robot_interfaces__rosidl_generator_c.dir/rosidl_generator_c/my_robot_interfaces/msg/detail/hardware_status__functions.c.o[0m
[0.923s] [ 14%] [32mBuilding C object CMakeFiles/my_robot_interfaces__rosidl_generator_c.dir/rosidl_generator_c/my_robot_interfaces/msg/detail/led_states__functions.c.o[0m
[0.923s] [ 14%] [32mBuilding C object CMakeFiles/my_robot_interfaces__rosidl_generator_c.dir/rosidl_generator_c/my_robot_interfaces/srv/detail/compute_rectangle_area__functions.c.o[0m
[0.923s] [ 16%] [32mBuilding C object CMakeFiles/my_robot_interfaces__rosidl_generator_c.dir/rosidl_generator_c/my_robot_interfaces/srv/detail/set_led__functions.c.o[0m
[0.960s] [ 18%] [32m[1mLinking C shared library libmy_robot_interfaces__rosidl_generator_c.so[0m
[0.983s] [ 18%] Built target my_robot_interfaces__rosidl_generator_c
[0.989s] [ 23%] [34m[1mGenerating C type support for eProsima Fast-RTPS[0m
[0.989s] [ 23%] [34m[1mGenerating C type support dispatch for ROS interfaces[0m
[0.989s] [ 23%] [34m[1mGenerating C introspection for ROS interfaces[0m
[1.103s] [35m[1mConsolidate compiler generated dependencies of target my_robot_interfaces__rosidl_typesupport_cpp[0m
[1.112s] [ 25%] [32mBuilding CXX object CMakeFiles/my_robot_interfaces__rosidl_typesupport_cpp.dir/rosidl_typesupport_cpp/my_robot_interfaces/msg/hardware_status__type_support.cpp.o[0m
[1.112s] [ 27%] [32mBuilding CXX object CMakeFiles/my_robot_interfaces__rosidl_typesupport_cpp.dir/rosidl_typesupport_cpp/my_robot_interfaces/srv/compute_rectangle_area__type_support.cpp.o[0m
[1.113s] [ 29%] [32mBuilding CXX object CMakeFiles/my_robot_interfaces__rosidl_typesupport_cpp.dir/rosidl_typesupport_cpp/my_robot_interfaces/srv/set_led__type_support.cpp.o[0m
[1.114s] [ 30%] [32mBuilding CXX object CMakeFiles/my_robot_interfaces__rosidl_typesupport_cpp.dir/rosidl_typesupport_cpp/my_robot_interfaces/msg/led_states__type_support.cpp.o[0m
[1.143s] [35m[1mConsolidate compiler generated dependencies of target my_robot_interfaces__rosidl_typesupport_introspection_cpp[0m
[1.152s] [ 32%] [32mBuilding CXX object CMakeFiles/my_robot_interfaces__rosidl_typesupport_introspection_cpp.dir/rosidl_typesupport_introspection_cpp/my_robot_interfaces/msg/detail/hardware_status__type_support.cpp.o[0m
[1.154s] [ 34%] [32mBuilding CXX object CMakeFiles/my_robot_interfaces__rosidl_typesupport_introspection_cpp.dir/rosidl_typesupport_introspection_cpp/my_robot_interfaces/msg/detail/led_states__type_support.cpp.o[0m
[1.154s] [ 38%] [32mBuilding CXX object CMakeFiles/my_robot_interfaces__rosidl_typesupport_introspection_cpp.dir/rosidl_typesupport_introspection_cpp/my_robot_interfaces/srv/detail/compute_rectangle_area__type_support.cpp.o[0m
[1.155s] [ 38%] [32mBuilding CXX object CMakeFiles/my_robot_interfaces__rosidl_typesupport_introspection_cpp.dir/rosidl_typesupport_introspection_cpp/my_robot_interfaces/srv/detail/set_led__type_support.cpp.o[0m
[1.192s] [35m[1mConsolidate compiler generated dependencies of target my_robot_interfaces__rosidl_typesupport_fastrtps_cpp[0m
[1.197s] [35m[1mConsolidate compiler generated dependencies of target my_robot_interfaces__rosidl_typesupport_c[0m
[1.207s] [ 43%] [32mBuilding CXX object CMakeFiles/my_robot_interfaces__rosidl_typesupport_c.dir/rosidl_typesupport_c/my_robot_interfaces/msg/hardware_status__type_support.cpp.o[0m
[1.207s] [ 45%] [32mBuilding CXX object CMakeFiles/my_robot_interfaces__rosidl_typesupport_c.dir/rosidl_typesupport_c/my_robot_interfaces/msg/led_states__type_support.cpp.o[0m
[1.208s] [ 49%] [32mBuilding CXX object CMakeFiles/my_robot_interfaces__rosidl_typesupport_c.dir/rosidl_typesupport_c/my_robot_interfaces/srv/compute_rectangle_area__type_support.cpp.o[0m
[1.208s] [ 49%] [32mBuilding CXX object CMakeFiles/my_robot_interfaces__rosidl_typesupport_fastrtps_cpp.dir/rosidl_typesupport_fastrtps_cpp/my_robot_interfaces/msg/detail/dds_fastrtps/led_states__type_support.cpp.o[0m
[1.208s] [ 49%] [32mBuilding CXX object CMakeFiles/my_robot_interfaces__rosidl_typesupport_fastrtps_cpp.dir/rosidl_typesupport_fastrtps_cpp/my_robot_interfaces/msg/detail/dds_fastrtps/hardware_status__type_support.cpp.o[0m
[1.208s] [ 49%] [32mBuilding CXX object CMakeFiles/my_robot_interfaces__rosidl_typesupport_c.dir/rosidl_typesupport_c/my_robot_interfaces/srv/set_led__type_support.cpp.o[0m
[1.240s] [ 50%] [32mBuilding CXX object CMakeFiles/my_robot_interfaces__rosidl_typesupport_fastrtps_cpp.dir/rosidl_typesupport_fastrtps_cpp/my_robot_interfaces/srv/detail/dds_fastrtps/compute_rectangle_area__type_support.cpp.o[0m
[1.263s] [ 52%] [32m[1mLinking CXX shared library libmy_robot_interfaces__rosidl_typesupport_c.so[0m
[1.264s] [ 54%] [32mBuilding CXX object CMakeFiles/my_robot_interfaces__rosidl_typesupport_fastrtps_cpp.dir/rosidl_typesupport_fastrtps_cpp/my_robot_interfaces/srv/detail/dds_fastrtps/set_led__type_support.cpp.o[0m
[1.313s] [ 54%] Built target my_robot_interfaces__rosidl_typesupport_c
[1.332s] [35m[1mConsolidate compiler generated dependencies of target my_robot_interfaces__rosidl_typesupport_fastrtps_c[0m
[1.348s] [35m[1mConsolidate compiler generated dependencies of target my_robot_interfaces__rosidl_typesupport_introspection_c[0m
[1.362s] [ 58%] [32mBuilding C object CMakeFiles/my_robot_interfaces__rosidl_typesupport_introspection_c.dir/rosidl_typesupport_introspection_c/my_robot_interfaces/msg/detail/hardware_status__type_support.c.o[0m
[1.362s] [ 58%] [32mBuilding C object CMakeFiles/my_robot_interfaces__rosidl_typesupport_introspection_c.dir/rosidl_typesupport_introspection_c/my_robot_interfaces/srv/detail/compute_rectangle_area__type_support.c.o[0m
[1.362s] [ 60%] [32mBuilding C object CMakeFiles/my_robot_interfaces__rosidl_typesupport_introspection_c.dir/rosidl_typesupport_introspection_c/my_robot_interfaces/msg/detail/led_states__type_support.c.o[0m
[1.364s] [ 63%] [32mBuilding CXX object CMakeFiles/my_robot_interfaces__rosidl_typesupport_fastrtps_c.dir/rosidl_typesupport_fastrtps_c/my_robot_interfaces/msg/detail/hardware_status__type_support_c.cpp.o[0m
[1.365s] [ 63%] [32mBuilding C object CMakeFiles/my_robot_interfaces__rosidl_typesupport_introspection_c.dir/rosidl_typesupport_introspection_c/my_robot_interfaces/srv/detail/set_led__type_support.c.o[0m
[1.370s] [ 65%] [32mBuilding CXX object CMakeFiles/my_robot_interfaces__rosidl_typesupport_fastrtps_c.dir/rosidl_typesupport_fastrtps_c/my_robot_interfaces/msg/detail/led_states__type_support_c.cpp.o[0m
[1.396s] [ 67%] [32mBuilding CXX object CMakeFiles/my_robot_interfaces__rosidl_typesupport_fastrtps_c.dir/rosidl_typesupport_fastrtps_c/my_robot_interfaces/srv/detail/compute_rectangle_area__type_support_c.cpp.o[0m
[1.406s] [ 69%] [32mBuilding CXX object CMakeFiles/my_robot_interfaces__rosidl_typesupport_fastrtps_c.dir/rosidl_typesupport_fastrtps_c/my_robot_interfaces/srv/detail/set_led__type_support_c.cpp.o[0m
[1.413s] [ 70%] [32m[1mLinking CXX shared library libmy_robot_interfaces__rosidl_typesupport_cpp.so[0m
[1.426s] [ 72%] [32m[1mLinking C shared library libmy_robot_interfaces__rosidl_typesupport_introspection_c.so[0m
[1.462s] [ 72%] Built target my_robot_interfaces__rosidl_typesupport_cpp
[1.462s] [ 72%] Built target my_robot_interfaces__rosidl_typesupport_introspection_c
[1.562s] [ 74%] [32m[1mLinking CXX shared library libmy_robot_interfaces__rosidl_typesupport_introspection_cpp.so[0m
[1.607s] [ 74%] Built target my_robot_interfaces__rosidl_typesupport_introspection_cpp
[1.689s] [ 76%] [32m[1mLinking CXX shared library libmy_robot_interfaces__rosidl_typesupport_fastrtps_cpp.so[0m
[1.726s] [ 78%] [32m[1mLinking CXX shared library libmy_robot_interfaces__rosidl_typesupport_fastrtps_c.so[0m
[1.732s] [ 78%] Built target my_robot_interfaces__rosidl_typesupport_fastrtps_cpp
[1.770s] [ 78%] Built target my_robot_interfaces__rosidl_typesupport_fastrtps_c
[1.781s] [ 78%] Built target my_robot_interfaces
[1.792s] [ 80%] [34m[1mGenerating Python code for ROS interfaces[0m
[2.180s] [ 80%] Built target my_robot_interfaces__py
[2.186s] [35m[1mConsolidate compiler generated dependencies of target my_robot_interfaces__rosidl_generator_py[0m
[2.195s] [ 81%] [32mBuilding C object CMakeFiles/my_robot_interfaces__rosidl_generator_py.dir/rosidl_generator_py/my_robot_interfaces/msg/_hardware_status_s.c.o[0m
[2.195s] [ 83%] [32mBuilding C object CMakeFiles/my_robot_interfaces__rosidl_generator_py.dir/rosidl_generator_py/my_robot_interfaces/msg/_led_states_s.c.o[0m
[2.195s] [ 85%] [32mBuilding C object CMakeFiles/my_robot_interfaces__rosidl_generator_py.dir/rosidl_generator_py/my_robot_interfaces/srv/_compute_rectangle_area_s.c.o[0m
[2.195s] [ 87%] [32mBuilding C object CMakeFiles/my_robot_interfaces__rosidl_generator_py.dir/rosidl_generator_py/my_robot_interfaces/srv/_set_led_s.c.o[0m
[2.260s] [ 89%] [32m[1mLinking C shared library rosidl_generator_py/my_robot_interfaces/libmy_robot_interfaces__rosidl_generator_py.so[0m
[2.284s] [ 89%] Built target my_robot_interfaces__rosidl_generator_py
[2.290s] [35m[1mConsolidate compiler generated dependencies of target my_robot_interfaces__rosidl_typesupport_fastrtps_c__pyext[0m
[2.290s] [35m[1mConsolidate compiler generated dependencies of target my_robot_interfaces__rosidl_typesupport_c__pyext[0m
[2.290s] [35m[1mConsolidate compiler generated dependencies of target my_robot_interfaces__rosidl_typesupport_introspection_c__pyext[0m
[2.297s] [ 94%] [32mBuilding C object CMakeFiles/my_robot_interfaces__rosidl_typesupport_c__pyext.dir/rosidl_generator_py/my_robot_interfaces/_my_robot_interfaces_s.ep.rosidl_typesupport_c.c.o[0m
[2.297s] [ 94%] [32mBuilding C object CMakeFiles/my_robot_interfaces__rosidl_typesupport_introspection_c__pyext.dir/rosidl_generator_py/my_robot_interfaces/_my_robot_interfaces_s.ep.rosidl_typesupport_introspection_c.c.o[0m
[2.297s] [ 94%] [32mBuilding C object CMakeFiles/my_robot_interfaces__rosidl_typesupport_fastrtps_c__pyext.dir/rosidl_generator_py/my_robot_interfaces/_my_robot_interfaces_s.ep.rosidl_typesupport_fastrtps_c.c.o[0m
[2.362s] [ 96%] [32m[1mLinking C shared library rosidl_generator_py/my_robot_interfaces/my_robot_interfaces_s__rosidl_typesupport_introspection_c.cpython-310-x86_64-linux-gnu.so[0m
[2.364s] [ 98%] [32m[1mLinking C shared library rosidl_generator_py/my_robot_interfaces/my_robot_interfaces_s__rosidl_typesupport_fastrtps_c.cpython-310-x86_64-linux-gnu.so[0m
[2.369s] [100%] [32m[1mLinking C shared library rosidl_generator_py/my_robot_interfaces/my_robot_interfaces_s__rosidl_typesupport_c.cpython-310-x86_64-linux-gnu.so[0m
[2.384s] [100%] Built target my_robot_interfaces__rosidl_typesupport_introspection_c__pyext
[2.384s] [100%] Built target my_robot_interfaces__rosidl_typesupport_fastrtps_c__pyext
[2.388s] [100%] Built target my_robot_interfaces__rosidl_typesupport_c__pyext
[2.396s] Invoked command in '/home/farhan-sw/Documents/Github/learn-ros2/section6-services/ros2_ws/build/my_robot_interfaces' returned '0': CMAKE_PREFIX_PATH=${CMAKE_PREFIX_PATH}:/home/farhan-sw/Documents/Github/learn-ros2/section6-services/ros2_ws/install/my_py_pkg:/home/farhan-sw/Documents/Github/learn-ros2/section3/ros2_ws/install/my_py_pkg:/opt/ros/humble /usr/bin/cmake --build /home/farhan-sw/Documents/Github/learn-ros2/section6-services/ros2_ws/build/my_robot_interfaces -- -j16 -l16
[2.470s] Invoking command in '/home/farhan-sw/Documents/Github/learn-ros2/section6-services/ros2_ws/build/my_robot_interfaces': CMAKE_PREFIX_PATH=${CMAKE_PREFIX_PATH}:/home/farhan-sw/Documents/Github/learn-ros2/section6-services/ros2_ws/install/my_py_pkg:/home/farhan-sw/Documents/Github/learn-ros2/section3/ros2_ws/install/my_py_pkg:/opt/ros/humble /usr/bin/cmake --install /home/farhan-sw/Documents/Github/learn-ros2/section6-services/ros2_ws/build/my_robot_interfaces
[2.476s] -- Install configuration: ""
[2.476s] -- Installing: /home/farhan-sw/Documents/Github/learn-ros2/section6-services/ros2_ws/install/my_robot_interfaces/share/ament_index/resource_index/rosidl_interfaces/my_robot_interfaces
[2.476s] -- Up-to-date: /home/farhan-sw/Documents/Github/learn-ros2/section6-services/ros2_ws/install/my_robot_interfaces/include/my_robot_interfaces/my_robot_interfaces
[2.476s] -- Up-to-date: /home/farhan-sw/Documents/Github/learn-ros2/section6-services/ros2_ws/install/my_robot_interfaces/include/my_robot_interfaces/my_robot_interfaces/srv
[2.476s] -- Installing: /home/farhan-sw/Documents/Github/learn-ros2/section6-services/ros2_ws/install/my_robot_interfaces/include/my_robot_interfaces/my_robot_interfaces/srv/compute_rectangle_area.h
[2.476s] -- Up-to-date: /home/farhan-sw/Documents/Github/learn-ros2/section6-services/ros2_ws/install/my_robot_interfaces/include/my_robot_interfaces/my_robot_interfaces/srv/detail
[2.476s] -- Installing: /home/farhan-sw/Documents/Github/learn-ros2/section6-services/ros2_ws/install/my_robot_interfaces/include/my_robot_interfaces/my_robot_interfaces/srv/detail/compute_rectangle_area__struct.h
[2.476s] -- Installing: /home/farhan-sw/Documents/Github/learn-ros2/section6-services/ros2_ws/install/my_robot_interfaces/include/my_robot_interfaces/my_robot_interfaces/srv/detail/set_led__functions.c
[2.476s] -- Installing: /home/farhan-sw/Documents/Github/learn-ros2/section6-services/ros2_ws/install/my_robot_interfaces/include/my_robot_interfaces/my_robot_interfaces/srv/detail/compute_rectangle_area__functions.c
[2.476s] -- Installing: /home/farhan-sw/Documents/Github/learn-ros2/section6-services/ros2_ws/install/my_robot_interfaces/include/my_robot_interfaces/my_robot_interfaces/srv/detail/set_led__struct.h
[2.476s] -- Installing: /home/farhan-sw/Documents/Github/learn-ros2/section6-services/ros2_ws/install/my_robot_interfaces/include/my_robot_interfaces/my_robot_interfaces/srv/detail/compute_rectangle_area__functions.h
[2.476s] -- Installing: /home/farhan-sw/Documents/Github/learn-ros2/section6-services/ros2_ws/install/my_robot_interfaces/include/my_robot_interfaces/my_robot_interfaces/srv/detail/compute_rectangle_area__type_support.h
[2.476s] -- Installing: /home/farhan-sw/Documents/Github/learn-ros2/section6-services/ros2_ws/install/my_robot_interfaces/include/my_robot_interfaces/my_robot_interfaces/srv/detail/set_led__type_support.h
[2.476s] -- Installing: /home/farhan-sw/Documents/Github/learn-ros2/section6-services/ros2_ws/install/my_robot_interfaces/include/my_robot_interfaces/my_robot_interfaces/srv/detail/set_led__functions.h
[2.476s] -- Installing: /home/farhan-sw/Documents/Github/learn-ros2/section6-services/ros2_ws/install/my_robot_interfaces/include/my_robot_interfaces/my_robot_interfaces/srv/set_led.h
[2.476s] -- Up-to-date: /home/farhan-sw/Documents/Github/learn-ros2/section6-services/ros2_ws/install/my_robot_interfaces/include/my_robot_interfaces/my_robot_interfaces/msg
[2.476s] -- Up-to-date: /home/farhan-sw/Documents/Github/learn-ros2/section6-services/ros2_ws/install/my_robot_interfaces/include/my_robot_interfaces/my_robot_interfaces/msg/detail
[2.476s] -- Installing: /home/farhan-sw/Documents/Github/learn-ros2/section6-services/ros2_ws/install/my_robot_interfaces/include/my_robot_interfaces/my_robot_interfaces/msg/detail/led_states__struct.h
[2.476s] -- Installing: /home/farhan-sw/Documents/Github/learn-ros2/section6-services/ros2_ws/install/my_robot_interfaces/include/my_robot_interfaces/my_robot_interfaces/msg/detail/led_states__functions.h
[2.476s] -- Installing: /home/farhan-sw/Documents/Github/learn-ros2/section6-services/ros2_ws/install/my_robot_interfaces/include/my_robot_interfaces/my_robot_interfaces/msg/detail/hardware_status__functions.h
[2.477s] -- Installing: /home/farhan-sw/Documents/Github/learn-ros2/section6-services/ros2_ws/install/my_robot_interfaces/include/my_robot_interfaces/my_robot_interfaces/msg/detail/hardware_status__type_support.h
[2.477s] -- Installing: /home/farhan-sw/Documents/Github/learn-ros2/section6-services/ros2_ws/install/my_robot_interfaces/include/my_robot_interfaces/my_robot_interfaces/msg/detail/led_states__functions.c
[2.477s] -- Installing: /home/farhan-sw/Documents/Github/learn-ros2/section6-services/ros2_ws/install/my_robot_interfaces/include/my_robot_interfaces/my_robot_interfaces/msg/detail/hardware_status__functions.c
[2.477s] -- Installing: /home/farhan-sw/Documents/Github/learn-ros2/section6-services/ros2_ws/install/my_robot_interfaces/include/my_robot_interfaces/my_robot_interfaces/msg/detail/led_states__type_support.h
[2.477s] -- Installing: /home/farhan-sw/Documents/Github/learn-ros2/section6-services/ros2_ws/install/my_robot_interfaces/include/my_robot_interfaces/my_robot_interfaces/msg/detail/hardware_status__struct.h
[2.477s] -- Installing: /home/farhan-sw/Documents/Github/learn-ros2/section6-services/ros2_ws/install/my_robot_interfaces/include/my_robot_interfaces/my_robot_interfaces/msg/hardware_status.h
[2.477s] -- Up-to-date: /home/farhan-sw/Documents/Github/learn-ros2/section6-services/ros2_ws/install/my_robot_interfaces/include/my_robot_interfaces/my_robot_interfaces/msg/rosidl_generator_c__visibility_control.h
[2.477s] -- Installing: /home/farhan-sw/Documents/Github/learn-ros2/section6-services/ros2_ws/install/my_robot_interfaces/include/my_robot_interfaces/my_robot_interfaces/msg/led_states.h
[2.477s] -- Up-to-date: /home/farhan-sw/Documents/Github/learn-ros2/section6-services/ros2_ws/install/my_robot_interfaces/share/my_robot_interfaces/environment/library_path.sh
[2.477s] -- Installing: /home/farhan-sw/Documents/Github/learn-ros2/section6-services/ros2_ws/install/my_robot_interfaces/share/my_robot_interfaces/environment/library_path.dsv
[2.477s] -- Installing: /home/farhan-sw/Documents/Github/learn-ros2/section6-services/ros2_ws/install/my_robot_interfaces/lib/libmy_robot_interfaces__rosidl_generator_c.so
[2.477s] -- Set runtime path of "/home/farhan-sw/Documents/Github/learn-ros2/section6-services/ros2_ws/install/my_robot_interfaces/lib/libmy_robot_interfaces__rosidl_generator_c.so" to ""
[2.477s] -- Up-to-date: /home/farhan-sw/Documents/Github/learn-ros2/section6-services/ros2_ws/install/my_robot_interfaces/include/my_robot_interfaces/my_robot_interfaces
[2.477s] -- Up-to-date: /home/farhan-sw/Documents/Github/learn-ros2/section6-services/ros2_ws/install/my_robot_interfaces/include/my_robot_interfaces/my_robot_interfaces/srv
[2.477s] -- Up-to-date: /home/farhan-sw/Documents/Github/learn-ros2/section6-services/ros2_ws/install/my_robot_interfaces/include/my_robot_interfaces/my_robot_interfaces/srv/detail
[2.478s] -- Installing: /home/farhan-sw/Documents/Github/learn-ros2/section6-services/ros2_ws/install/my_robot_interfaces/include/my_robot_interfaces/my_robot_interfaces/srv/detail/compute_rectangle_area__rosidl_typesupport_fastrtps_c.h
[2.478s] -- Installing: /home/farhan-sw/Documents/Github/learn-ros2/section6-services/ros2_ws/install/my_robot_interfaces/include/my_robot_interfaces/my_robot_interfaces/srv/detail/set_led__rosidl_typesupport_fastrtps_c.h
[2.478s] -- Up-to-date: /home/farhan-sw/Documents/Github/learn-ros2/section6-services/ros2_ws/install/my_robot_interfaces/include/my_robot_interfaces/my_robot_interfaces/msg
[2.478s] -- Up-to-date: /home/farhan-sw/Documents/Github/learn-ros2/section6-services/ros2_ws/install/my_robot_interfaces/include/my_robot_interfaces/my_robot_interfaces/msg/detail
[2.478s] -- Installing: /home/farhan-sw/Documents/Github/learn-ros2/section6-services/ros2_ws/install/my_robot_interfaces/include/my_robot_interfaces/my_robot_interfaces/msg/detail/hardware_status__rosidl_typesupport_fastrtps_c.h
[2.478s] -- Installing: /home/farhan-sw/Documents/Github/learn-ros2/section6-services/ros2_ws/install/my_robot_interfaces/include/my_robot_interfaces/my_robot_interfaces/msg/detail/led_states__rosidl_typesupport_fastrtps_c.h
[2.478s] -- Up-to-date: /home/farhan-sw/Documents/Github/learn-ros2/section6-services/ros2_ws/install/my_robot_interfaces/include/my_robot_interfaces/my_robot_interfaces/msg/rosidl_typesupport_fastrtps_c__visibility_control.h
[2.478s] -- Installing: /home/farhan-sw/Documents/Github/learn-ros2/section6-services/ros2_ws/install/my_robot_interfaces/lib/libmy_robot_interfaces__rosidl_typesupport_fastrtps_c.so
[2.478s] -- Set runtime path of "/home/farhan-sw/Documents/Github/learn-ros2/section6-services/ros2_ws/install/my_robot_interfaces/lib/libmy_robot_interfaces__rosidl_typesupport_fastrtps_c.so" to ""
[2.478s] -- Up-to-date: /home/farhan-sw/Documents/Github/learn-ros2/section6-services/ros2_ws/install/my_robot_interfaces/include/my_robot_interfaces/my_robot_interfaces
[2.478s] -- Up-to-date: /home/farhan-sw/Documents/Github/learn-ros2/section6-services/ros2_ws/install/my_robot_interfaces/include/my_robot_interfaces/my_robot_interfaces/srv
[2.478s] -- Up-to-date: /home/farhan-sw/Documents/Github/learn-ros2/section6-services/ros2_ws/install/my_robot_interfaces/include/my_robot_interfaces/my_robot_interfaces/srv/detail
[2.478s] -- Installing: /home/farhan-sw/Documents/Github/learn-ros2/section6-services/ros2_ws/install/my_robot_interfaces/include/my_robot_interfaces/my_robot_interfaces/srv/detail/compute_rectangle_area__rosidl_typesupport_introspection_c.h
[2.478s] -- Installing: /home/farhan-sw/Documents/Github/learn-ros2/section6-services/ros2_ws/install/my_robot_interfaces/include/my_robot_interfaces/my_robot_interfaces/srv/detail/set_led__type_support.c
[2.478s] -- Installing: /home/farhan-sw/Documents/Github/learn-ros2/section6-services/ros2_ws/install/my_robot_interfaces/include/my_robot_interfaces/my_robot_interfaces/srv/detail/set_led__rosidl_typesupport_introspection_c.h
[2.478s] -- Installing: /home/farhan-sw/Documents/Github/learn-ros2/section6-services/ros2_ws/install/my_robot_interfaces/include/my_robot_interfaces/my_robot_interfaces/srv/detail/compute_rectangle_area__type_support.c
[2.478s] -- Up-to-date: /home/farhan-sw/Documents/Github/learn-ros2/section6-services/ros2_ws/install/my_robot_interfaces/include/my_robot_interfaces/my_robot_interfaces/msg
[2.478s] -- Up-to-date: /home/farhan-sw/Documents/Github/learn-ros2/section6-services/ros2_ws/install/my_robot_interfaces/include/my_robot_interfaces/my_robot_interfaces/msg/rosidl_typesupport_introspection_c__visibility_control.h
[2.478s] -- Up-to-date: /home/farhan-sw/Documents/Github/learn-ros2/section6-services/ros2_ws/install/my_robot_interfaces/include/my_robot_interfaces/my_robot_interfaces/msg/detail
[2.479s] -- Installing: /home/farhan-sw/Documents/Github/learn-ros2/section6-services/ros2_ws/install/my_robot_interfaces/include/my_robot_interfaces/my_robot_interfaces/msg/detail/hardware_status__rosidl_typesupport_introspection_c.h
[2.479s] -- Installing: /home/farhan-sw/Documents/Github/learn-ros2/section6-services/ros2_ws/install/my_robot_interfaces/include/my_robot_interfaces/my_robot_interfaces/msg/detail/led_states__rosidl_typesupport_introspection_c.h
[2.479s] -- Installing: /home/farhan-sw/Documents/Github/learn-ros2/section6-services/ros2_ws/install/my_robot_interfaces/include/my_robot_interfaces/my_robot_interfaces/msg/detail/led_states__type_support.c
[2.479s] -- Installing: /home/farhan-sw/Documents/Github/learn-ros2/section6-services/ros2_ws/install/my_robot_interfaces/include/my_robot_interfaces/my_robot_interfaces/msg/detail/hardware_status__type_support.c
[2.479s] -- Installing: /home/farhan-sw/Documents/Github/learn-ros2/section6-services/ros2_ws/install/my_robot_interfaces/lib/libmy_robot_interfaces__rosidl_typesupport_introspection_c.so
[2.479s] -- Set runtime path of "/home/farhan-sw/Documents/Github/learn-ros2/section6-services/ros2_ws/install/my_robot_interfaces/lib/libmy_robot_interfaces__rosidl_typesupport_introspection_c.so" to ""
[2.479s] -- Installing: /home/farhan-sw/Documents/Github/learn-ros2/section6-services/ros2_ws/install/my_robot_interfaces/lib/libmy_robot_interfaces__rosidl_typesupport_c.so
[2.479s] -- Set runtime path of "/home/farhan-sw/Documents/Github/learn-ros2/section6-services/ros2_ws/install/my_robot_interfaces/lib/libmy_robot_interfaces__rosidl_typesupport_c.so" to ""
[2.479s] -- Up-to-date: /home/farhan-sw/Documents/Github/learn-ros2/section6-services/ros2_ws/install/my_robot_interfaces/include/my_robot_interfaces/my_robot_interfaces
[2.479s] -- Up-to-date: /home/farhan-sw/Documents/Github/learn-ros2/section6-services/ros2_ws/install/my_robot_interfaces/include/my_robot_interfaces/my_robot_interfaces/srv
[2.479s] -- Up-to-date: /home/farhan-sw/Documents/Github/learn-ros2/section6-services/ros2_ws/install/my_robot_interfaces/include/my_robot_interfaces/my_robot_interfaces/srv/detail
[2.479s] -- Installing: /home/farhan-sw/Documents/Github/learn-ros2/section6-services/ros2_ws/install/my_robot_interfaces/include/my_robot_interfaces/my_robot_interfaces/srv/detail/compute_rectangle_area__struct.hpp
[2.479s] -- Installing: /home/farhan-sw/Documents/Github/learn-ros2/section6-services/ros2_ws/install/my_robot_interfaces/include/my_robot_interfaces/my_robot_interfaces/srv/detail/compute_rectangle_area__traits.hpp
[2.479s] -- Installing: /home/farhan-sw/Documents/Github/learn-ros2/section6-services/ros2_ws/install/my_robot_interfaces/include/my_robot_interfaces/my_robot_interfaces/srv/detail/set_led__struct.hpp
[2.479s] -- Installing: /home/farhan-sw/Documents/Github/learn-ros2/section6-services/ros2_ws/install/my_robot_interfaces/include/my_robot_interfaces/my_robot_interfaces/srv/detail/compute_rectangle_area__builder.hpp
[2.479s] -- Installing: /home/farhan-sw/Documents/Github/learn-ros2/section6-services/ros2_ws/install/my_robot_interfaces/include/my_robot_interfaces/my_robot_interfaces/srv/detail/set_led__traits.hpp
[2.480s] -- Installing: /home/farhan-sw/Documents/Github/learn-ros2/section6-services/ros2_ws/install/my_robot_interfaces/include/my_robot_interfaces/my_robot_interfaces/srv/detail/set_led__builder.hpp
[2.480s] -- Installing: /home/farhan-sw/Documents/Github/learn-ros2/section6-services/ros2_ws/install/my_robot_interfaces/include/my_robot_interfaces/my_robot_interfaces/srv/compute_rectangle_area.hpp
[2.480s] -- Installing: /home/farhan-sw/Documents/Github/learn-ros2/section6-services/ros2_ws/install/my_robot_interfaces/include/my_robot_interfaces/my_robot_interfaces/srv/set_led.hpp
[2.480s] -- Up-to-date: /home/farhan-sw/Documents/Github/learn-ros2/section6-services/ros2_ws/install/my_robot_interfaces/include/my_robot_interfaces/my_robot_interfaces/msg
[2.480s] -- Up-to-date: /home/farhan-sw/Documents/Github/learn-ros2/section6-services/ros2_ws/install/my_robot_interfaces/include/my_robot_interfaces/my_robot_interfaces/msg/detail
[2.480s] -- Installing: /home/farhan-sw/Documents/Github/learn-ros2/section6-services/ros2_ws/install/my_robot_interfaces/include/my_robot_interfaces/my_robot_interfaces/msg/detail/led_states__traits.hpp
[2.480s] -- Installing: /home/farhan-sw/Documents/Github/learn-ros2/section6-services/ros2_ws/install/my_robot_interfaces/include/my_robot_interfaces/my_robot_interfaces/msg/detail/led_states__struct.hpp
[2.480s] -- Installing: /home/farhan-sw/Documents/Github/learn-ros2/section6-services/ros2_ws/install/my_robot_interfaces/include/my_robot_interfaces/my_robot_interfaces/msg/detail/hardware_status__builder.hpp
[2.480s] -- Installing: /home/farhan-sw/Documents/Github/learn-ros2/section6-services/ros2_ws/install/my_robot_interfaces/include/my_robot_interfaces/my_robot_interfaces/msg/detail/hardware_status__traits.hpp
[2.480s] -- Installing: /home/farhan-sw/Documents/Github/learn-ros2/section6-services/ros2_ws/install/my_robot_interfaces/include/my_robot_interfaces/my_robot_interfaces/msg/detail/led_states__builder.hpp
[2.480s] -- Installing: /home/farhan-sw/Documents/Github/learn-ros2/section6-services/ros2_ws/install/my_robot_interfaces/include/my_robot_interfaces/my_robot_interfaces/msg/detail/hardware_status__struct.hpp
[2.480s] -- Installing: /home/farhan-sw/Documents/Github/learn-ros2/section6-services/ros2_ws/install/my_robot_interfaces/include/my_robot_interfaces/my_robot_interfaces/msg/hardware_status.hpp
[2.480s] -- Installing: /home/farhan-sw/Documents/Github/learn-ros2/section6-services/ros2_ws/install/my_robot_interfaces/include/my_robot_interfaces/my_robot_interfaces/msg/led_states.hpp
[2.480s] -- Up-to-date: /home/farhan-sw/Documents/Github/learn-ros2/section6-services/ros2_ws/install/my_robot_interfaces/include/my_robot_interfaces/my_robot_interfaces
[2.480s] -- Up-to-date: /home/farhan-sw/Documents/Github/learn-ros2/section6-services/ros2_ws/install/my_robot_interfaces/include/my_robot_interfaces/my_robot_interfaces/srv
[2.480s] -- Up-to-date: /home/farhan-sw/Documents/Github/learn-ros2/section6-services/ros2_ws/install/my_robot_interfaces/include/my_robot_interfaces/my_robot_interfaces/srv/detail
[2.480s] -- Installing: /home/farhan-sw/Documents/Github/learn-ros2/section6-services/ros2_ws/install/my_robot_interfaces/include/my_robot_interfaces/my_robot_interfaces/srv/detail/set_led__rosidl_typesupport_fastrtps_cpp.hpp
[2.480s] -- Up-to-date: /home/farhan-sw/Documents/Github/learn-ros2/section6-services/ros2_ws/install/my_robot_interfaces/include/my_robot_interfaces/my_robot_interfaces/srv/detail/dds_fastrtps
[2.480s] -- Installing: /home/farhan-sw/Documents/Github/learn-ros2/section6-services/ros2_ws/install/my_robot_interfaces/include/my_robot_interfaces/my_robot_interfaces/srv/detail/compute_rectangle_area__rosidl_typesupport_fastrtps_cpp.hpp
[2.480s] -- Up-to-date: /home/farhan-sw/Documents/Github/learn-ros2/section6-services/ros2_ws/install/my_robot_interfaces/include/my_robot_interfaces/my_robot_interfaces/msg
[2.481s] -- Up-to-date: /home/farhan-sw/Documents/Github/learn-ros2/section6-services/ros2_ws/install/my_robot_interfaces/include/my_robot_interfaces/my_robot_interfaces/msg/detail
[2.481s] -- Up-to-date: /home/farhan-sw/Documents/Github/learn-ros2/section6-services/ros2_ws/install/my_robot_interfaces/include/my_robot_interfaces/my_robot_interfaces/msg/detail/dds_fastrtps
[2.481s] -- Installing: /home/farhan-sw/Documents/Github/learn-ros2/section6-services/ros2_ws/install/my_robot_interfaces/include/my_robot_interfaces/my_robot_interfaces/msg/detail/hardware_status__rosidl_typesupport_fastrtps_cpp.hpp
[2.481s] -- Installing: /home/farhan-sw/Documents/Github/learn-ros2/section6-services/ros2_ws/install/my_robot_interfaces/include/my_robot_interfaces/my_robot_interfaces/msg/detail/led_states__rosidl_typesupport_fastrtps_cpp.hpp
[2.481s] -- Up-to-date: /home/farhan-sw/Documents/Github/learn-ros2/section6-services/ros2_ws/install/my_robot_interfaces/include/my_robot_interfaces/my_robot_interfaces/msg/rosidl_typesupport_fastrtps_cpp__visibility_control.h
[2.481s] -- Installing: /home/farhan-sw/Documents/Github/learn-ros2/section6-services/ros2_ws/install/my_robot_interfaces/lib/libmy_robot_interfaces__rosidl_typesupport_fastrtps_cpp.so
[2.481s] -- Set runtime path of "/home/farhan-sw/Documents/Github/learn-ros2/section6-services/ros2_ws/install/my_robot_interfaces/lib/libmy_robot_interfaces__rosidl_typesupport_fastrtps_cpp.so" to ""
[2.481s] -- Up-to-date: /home/farhan-sw/Documents/Github/learn-ros2/section6-services/ros2_ws/install/my_robot_interfaces/include/my_robot_interfaces/my_robot_interfaces
[2.481s] -- Up-to-date: /home/farhan-sw/Documents/Github/learn-ros2/section6-services/ros2_ws/install/my_robot_interfaces/include/my_robot_interfaces/my_robot_interfaces/srv
[2.481s] -- Up-to-date: /home/farhan-sw/Documents/Github/learn-ros2/section6-services/ros2_ws/install/my_robot_interfaces/include/my_robot_interfaces/my_robot_interfaces/srv/detail
[2.481s] -- Installing: /home/farhan-sw/Documents/Github/learn-ros2/section6-services/ros2_ws/install/my_robot_interfaces/include/my_robot_interfaces/my_robot_interfaces/srv/detail/compute_rectangle_area__rosidl_typesupport_introspection_cpp.hpp
[2.481s] -- Installing: /home/farhan-sw/Documents/Github/learn-ros2/section6-services/ros2_ws/install/my_robot_interfaces/include/my_robot_interfaces/my_robot_interfaces/srv/detail/set_led__type_support.cpp
[2.481s] -- Installing: /home/farhan-sw/Documents/Github/learn-ros2/section6-services/ros2_ws/install/my_robot_interfaces/include/my_robot_interfaces/my_robot_interfaces/srv/detail/compute_rectangle_area__type_support.cpp
[2.481s] -- Installing: /home/farhan-sw/Documents/Github/learn-ros2/section6-services/ros2_ws/install/my_robot_interfaces/include/my_robot_interfaces/my_robot_interfaces/srv/detail/set_led__rosidl_typesupport_introspection_cpp.hpp
[2.481s] -- Up-to-date: /home/farhan-sw/Documents/Github/learn-ros2/section6-services/ros2_ws/install/my_robot_interfaces/include/my_robot_interfaces/my_robot_interfaces/msg
[2.481s] -- Up-to-date: /home/farhan-sw/Documents/Github/learn-ros2/section6-services/ros2_ws/install/my_robot_interfaces/include/my_robot_interfaces/my_robot_interfaces/msg/detail
[2.481s] -- Installing: /home/farhan-sw/Documents/Github/learn-ros2/section6-services/ros2_ws/install/my_robot_interfaces/include/my_robot_interfaces/my_robot_interfaces/msg/detail/led_states__type_support.cpp
[2.481s] -- Installing: /home/farhan-sw/Documents/Github/learn-ros2/section6-services/ros2_ws/install/my_robot_interfaces/include/my_robot_interfaces/my_robot_interfaces/msg/detail/led_states__rosidl_typesupport_introspection_cpp.hpp
[2.481s] -- Installing: /home/farhan-sw/Documents/Github/learn-ros2/section6-services/ros2_ws/install/my_robot_interfaces/include/my_robot_interfaces/my_robot_interfaces/msg/detail/hardware_status__rosidl_typesupport_introspection_cpp.hpp
[2.481s] -- Installing: /home/farhan-sw/Documents/Github/learn-ros2/section6-services/ros2_ws/install/my_robot_interfaces/include/my_robot_interfaces/my_robot_interfaces/msg/detail/hardware_status__type_support.cpp
[2.481s] -- Installing: /home/farhan-sw/Documents/Github/learn-ros2/section6-services/ros2_ws/install/my_robot_interfaces/lib/libmy_robot_interfaces__rosidl_typesupport_introspection_cpp.so
[2.482s] -- Set runtime path of "/home/farhan-sw/Documents/Github/learn-ros2/section6-services/ros2_ws/install/my_robot_interfaces/lib/libmy_robot_interfaces__rosidl_typesupport_introspection_cpp.so" to ""
[2.482s] -- Installing: /home/farhan-sw/Documents/Github/learn-ros2/section6-services/ros2_ws/install/my_robot_interfaces/lib/libmy_robot_interfaces__rosidl_typesupport_cpp.so
[2.482s] -- Set runtime path of "/home/farhan-sw/Documents/Github/learn-ros2/section6-services/ros2_ws/install/my_robot_interfaces/lib/libmy_robot_interfaces__rosidl_typesupport_cpp.so" to ""
[2.482s] -- Up-to-date: /home/farhan-sw/Documents/Github/learn-ros2/section6-services/ros2_ws/install/my_robot_interfaces/share/my_robot_interfaces/environment/pythonpath.sh
[2.482s] -- Installing: /home/farhan-sw/Documents/Github/learn-ros2/section6-services/ros2_ws/install/my_robot_interfaces/share/my_robot_interfaces/environment/pythonpath.dsv
[2.482s] -- Up-to-date: /home/farhan-sw/Documents/Github/learn-ros2/section6-services/ros2_ws/install/my_robot_interfaces/local/lib/python3.10/dist-packages/my_robot_interfaces-0.0.0-py3.10.egg-info
[2.482s] -- Installing: /home/farhan-sw/Documents/Github/learn-ros2/section6-services/ros2_ws/install/my_robot_interfaces/local/lib/python3.10/dist-packages/my_robot_interfaces-0.0.0-py3.10.egg-info/SOURCES.txt
[2.482s] -- Installing: /home/farhan-sw/Documents/Github/learn-ros2/section6-services/ros2_ws/install/my_robot_interfaces/local/lib/python3.10/dist-packages/my_robot_interfaces-0.0.0-py3.10.egg-info/top_level.txt
[2.482s] -- Installing: /home/farhan-sw/Documents/Github/learn-ros2/section6-services/ros2_ws/install/my_robot_interfaces/local/lib/python3.10/dist-packages/my_robot_interfaces-0.0.0-py3.10.egg-info/dependency_links.txt
[2.482s] -- Installing: /home/farhan-sw/Documents/Github/learn-ros2/section6-services/ros2_ws/install/my_robot_interfaces/local/lib/python3.10/dist-packages/my_robot_interfaces-0.0.0-py3.10.egg-info/PKG-INFO
[2.482s] -- Up-to-date: /home/farhan-sw/Documents/Github/learn-ros2/section6-services/ros2_ws/install/my_robot_interfaces/local/lib/python3.10/dist-packages/my_robot_interfaces
[2.482s] -- Installing: /home/farhan-sw/Documents/Github/learn-ros2/section6-services/ros2_ws/install/my_robot_interfaces/local/lib/python3.10/dist-packages/my_robot_interfaces/__init__.py
[2.482s] -- Installing: /home/farhan-sw/Documents/Github/learn-ros2/section6-services/ros2_ws/install/my_robot_interfaces/local/lib/python3.10/dist-packages/my_robot_interfaces/_my_robot_interfaces_s.ep.rosidl_typesupport_c.c
[2.482s] -- Installing: /home/farhan-sw/Documents/Github/learn-ros2/section6-services/ros2_ws/install/my_robot_interfaces/local/lib/python3.10/dist-packages/my_robot_interfaces/libmy_robot_interfaces__rosidl_generator_py.so
[2.483s] -- Up-to-date: /home/farhan-sw/Documents/Github/learn-ros2/section6-services/ros2_ws/install/my_robot_interfaces/local/lib/python3.10/dist-packages/my_robot_interfaces/srv
[2.483s] -- Installing: /home/farhan-sw/Documents/Github/learn-ros2/section6-services/ros2_ws/install/my_robot_interfaces/local/lib/python3.10/dist-packages/my_robot_interfaces/srv/__init__.py
[2.483s] -- Installing: /home/farhan-sw/Documents/Github/learn-ros2/section6-services/ros2_ws/install/my_robot_interfaces/local/lib/python3.10/dist-packages/my_robot_interfaces/srv/_compute_rectangle_area.py
[2.483s] -- Installing: /home/farhan-sw/Documents/Github/learn-ros2/section6-services/ros2_ws/install/my_robot_interfaces/local/lib/python3.10/dist-packages/my_robot_interfaces/srv/_set_led.py
[2.483s] -- Installing: /home/farhan-sw/Documents/Github/learn-ros2/section6-services/ros2_ws/install/my_robot_interfaces/local/lib/python3.10/dist-packages/my_robot_interfaces/srv/_set_led_s.c
[2.483s] -- Installing: /home/farhan-sw/Documents/Github/learn-ros2/section6-services/ros2_ws/install/my_robot_interfaces/local/lib/python3.10/dist-packages/my_robot_interfaces/srv/_compute_rectangle_area_s.c
[2.483s] -- Installing: /home/farhan-sw/Documents/Github/learn-ros2/section6-services/ros2_ws/install/my_robot_interfaces/local/lib/python3.10/dist-packages/my_robot_interfaces/_my_robot_interfaces_s.ep.rosidl_typesupport_fastrtps_c.c
[2.483s] -- Up-to-date: /home/farhan-sw/Documents/Github/learn-ros2/section6-services/ros2_ws/install/my_robot_interfaces/local/lib/python3.10/dist-packages/my_robot_interfaces/msg
[2.483s] -- Installing: /home/farhan-sw/Documents/Github/learn-ros2/section6-services/ros2_ws/install/my_robot_interfaces/local/lib/python3.10/dist-packages/my_robot_interfaces/msg/__init__.py
[2.483s] -- Installing: /home/farhan-sw/Documents/Github/learn-ros2/section6-services/ros2_ws/install/my_robot_interfaces/local/lib/python3.10/dist-packages/my_robot_interfaces/msg/_hardware_status.py
[2.483s] -- Installing: /home/farhan-sw/Documents/Github/learn-ros2/section6-services/ros2_ws/install/my_robot_interfaces/local/lib/python3.10/dist-packages/my_robot_interfaces/msg/_led_states_s.c
[2.483s] -- Installing: /home/farhan-sw/Documents/Github/learn-ros2/section6-services/ros2_ws/install/my_robot_interfaces/local/lib/python3.10/dist-packages/my_robot_interfaces/msg/_hardware_status_s.c
[2.483s] -- Installing: /home/farhan-sw/Documents/Github/learn-ros2/section6-services/ros2_ws/install/my_robot_interfaces/local/lib/python3.10/dist-packages/my_robot_interfaces/msg/_led_states.py
[2.483s] -- Installing: /home/farhan-sw/Documents/Github/learn-ros2/section6-services/ros2_ws/install/my_robot_interfaces/local/lib/python3.10/dist-packages/my_robot_interfaces/my_robot_interfaces_s__rosidl_typesupport_introspection_c.cpython-310-x86_64-linux-gnu.so
[2.483s] -- Installing: /home/farhan-sw/Documents/Github/learn-ros2/section6-services/ros2_ws/install/my_robot_interfaces/local/lib/python3.10/dist-packages/my_robot_interfaces/_my_robot_interfaces_s.ep.rosidl_typesupport_introspection_c.c
[2.483s] -- Installing: /home/farhan-sw/Documents/Github/learn-ros2/section6-services/ros2_ws/install/my_robot_interfaces/local/lib/python3.10/dist-packages/my_robot_interfaces/my_robot_interfaces_s__rosidl_typesupport_c.cpython-310-x86_64-linux-gnu.so
[2.484s] -- Installing: /home/farhan-sw/Documents/Github/learn-ros2/section6-services/ros2_ws/install/my_robot_interfaces/local/lib/python3.10/dist-packages/my_robot_interfaces/my_robot_interfaces_s__rosidl_typesupport_fastrtps_c.cpython-310-x86_64-linux-gnu.so
[2.507s] Listing '/home/farhan-sw/Documents/Github/learn-ros2/section6-services/ros2_ws/install/my_robot_interfaces/local/lib/python3.10/dist-packages/my_robot_interfaces'...
[2.507s] Compiling '/home/farhan-sw/Documents/Github/learn-ros2/section6-services/ros2_ws/install/my_robot_interfaces/local/lib/python3.10/dist-packages/my_robot_interfaces/__init__.py'...
[2.507s] Listing '/home/farhan-sw/Documents/Github/learn-ros2/section6-services/ros2_ws/install/my_robot_interfaces/local/lib/python3.10/dist-packages/my_robot_interfaces/msg'...
[2.507s] Compiling '/home/farhan-sw/Documents/Github/learn-ros2/section6-services/ros2_ws/install/my_robot_interfaces/local/lib/python3.10/dist-packages/my_robot_interfaces/msg/__init__.py'...
[2.508s] Compiling '/home/farhan-sw/Documents/Github/learn-ros2/section6-services/ros2_ws/install/my_robot_interfaces/local/lib/python3.10/dist-packages/my_robot_interfaces/msg/_hardware_status.py'...
[2.508s] Compiling '/home/farhan-sw/Documents/Github/learn-ros2/section6-services/ros2_ws/install/my_robot_interfaces/local/lib/python3.10/dist-packages/my_robot_interfaces/msg/_led_states.py'...
[2.508s] Listing '/home/farhan-sw/Documents/Github/learn-ros2/section6-services/ros2_ws/install/my_robot_interfaces/local/lib/python3.10/dist-packages/my_robot_interfaces/srv'...
[2.508s] Compiling '/home/farhan-sw/Documents/Github/learn-ros2/section6-services/ros2_ws/install/my_robot_interfaces/local/lib/python3.10/dist-packages/my_robot_interfaces/srv/__init__.py'...
[2.508s] Compiling '/home/farhan-sw/Documents/Github/learn-ros2/section6-services/ros2_ws/install/my_robot_interfaces/local/lib/python3.10/dist-packages/my_robot_interfaces/srv/_compute_rectangle_area.py'...
[2.508s] Compiling '/home/farhan-sw/Documents/Github/learn-ros2/section6-services/ros2_ws/install/my_robot_interfaces/local/lib/python3.10/dist-packages/my_robot_interfaces/srv/_set_led.py'...
[2.510s] -- Installing: /home/farhan-sw/Documents/Github/learn-ros2/section6-services/ros2_ws/install/my_robot_interfaces/local/lib/python3.10/dist-packages/my_robot_interfaces/my_robot_interfaces_s__rosidl_typesupport_fastrtps_c.cpython-310-x86_64-linux-gnu.so
[2.510s] -- Set runtime path of "/home/farhan-sw/Documents/Github/learn-ros2/section6-services/ros2_ws/install/my_robot_interfaces/local/lib/python3.10/dist-packages/my_robot_interfaces/my_robot_interfaces_s__rosidl_typesupport_fastrtps_c.cpython-310-x86_64-linux-gnu.so" to ""
[2.511s] -- Installing: /home/farhan-sw/Documents/Github/learn-ros2/section6-services/ros2_ws/install/my_robot_interfaces/local/lib/python3.10/dist-packages/my_robot_interfaces/my_robot_interfaces_s__rosidl_typesupport_introspection_c.cpython-310-x86_64-linux-gnu.so
[2.511s] -- Set runtime path of "/home/farhan-sw/Documents/Github/learn-ros2/section6-services/ros2_ws/install/my_robot_interfaces/local/lib/python3.10/dist-packages/my_robot_interfaces/my_robot_interfaces_s__rosidl_typesupport_introspection_c.cpython-310-x86_64-linux-gnu.so" to ""
[2.511s] -- Installing: /home/farhan-sw/Documents/Github/learn-ros2/section6-services/ros2_ws/install/my_robot_interfaces/local/lib/python3.10/dist-packages/my_robot_interfaces/my_robot_interfaces_s__rosidl_typesupport_c.cpython-310-x86_64-linux-gnu.so
[2.511s] -- Set runtime path of "/home/farhan-sw/Documents/Github/learn-ros2/section6-services/ros2_ws/install/my_robot_interfaces/local/lib/python3.10/dist-packages/my_robot_interfaces/my_robot_interfaces_s__rosidl_typesupport_c.cpython-310-x86_64-linux-gnu.so" to ""
[2.511s] -- Installing: /home/farhan-sw/Documents/Github/learn-ros2/section6-services/ros2_ws/install/my_robot_interfaces/lib/libmy_robot_interfaces__rosidl_generator_py.so
[2.511s] -- Set runtime path of "/home/farhan-sw/Documents/Github/learn-ros2/section6-services/ros2_ws/install/my_robot_interfaces/lib/libmy_robot_interfaces__rosidl_generator_py.so" to ""
[2.511s] -- Up-to-date: /home/farhan-sw/Documents/Github/learn-ros2/section6-services/ros2_ws/install/my_robot_interfaces/share/my_robot_interfaces/msg/HardwareStatus.idl
[2.511s] -- Up-to-date: /home/farhan-sw/Documents/Github/learn-ros2/section6-services/ros2_ws/install/my_robot_interfaces/share/my_robot_interfaces/msg/LedStates.idl
[2.511s] -- Up-to-date: /home/farhan-sw/Documents/Github/learn-ros2/section6-services/ros2_ws/install/my_robot_interfaces/share/my_robot_interfaces/srv/ComputeRectangleArea.idl
[2.511s] -- Installing: /home/farhan-sw/Documents/Github/learn-ros2/section6-services/ros2_ws/install/my_robot_interfaces/share/my_robot_interfaces/srv/SetLed.idl
[2.511s] -- Up-to-date: /home/farhan-sw/Documents/Github/learn-ros2/section6-services/ros2_ws/install/my_robot_interfaces/share/my_robot_interfaces/msg/HardwareStatus.msg
[2.511s] -- Up-to-date: /home/farhan-sw/Documents/Github/learn-ros2/section6-services/ros2_ws/install/my_robot_interfaces/share/my_robot_interfaces/msg/LedStates.msg
[2.511s] -- Up-to-date: /home/farhan-sw/Documents/Github/learn-ros2/section6-services/ros2_ws/install/my_robot_interfaces/share/my_robot_interfaces/srv/ComputeRectangleArea.srv
[2.512s] -- Up-to-date: /home/farhan-sw/Documents/Github/learn-ros2/section6-services/ros2_ws/install/my_robot_interfaces/share/my_robot_interfaces/srv/ComputeRectangleArea_Request.msg
[2.512s] -- Up-to-date: /home/farhan-sw/Documents/Github/learn-ros2/section6-services/ros2_ws/install/my_robot_interfaces/share/my_robot_interfaces/srv/ComputeRectangleArea_Response.msg
[2.512s] -- Installing: /home/farhan-sw/Documents/Github/learn-ros2/section6-services/ros2_ws/install/my_robot_interfaces/share/my_robot_interfaces/srv/SetLed.srv
[2.512s] -- Installing: /home/farhan-sw/Documents/Github/learn-ros2/section6-services/ros2_ws/install/my_robot_interfaces/share/my_robot_interfaces/srv/SetLed_Request.msg
[2.512s] -- Installing: /home/farhan-sw/Documents/Github/learn-ros2/section6-services/ros2_ws/install/my_robot_interfaces/share/my_robot_interfaces/srv/SetLed_Response.msg
[2.512s] -- Up-to-date: /home/farhan-sw/Documents/Github/learn-ros2/section6-services/ros2_ws/install/my_robot_interfaces/share/ament_index/resource_index/package_run_dependencies/my_robot_interfaces
[2.512s] -- Up-to-date: /home/farhan-sw/Documents/Github/learn-ros2/section6-services/ros2_ws/install/my_robot_interfaces/share/ament_index/resource_index/parent_prefix_path/my_robot_interfaces
[2.512s] -- Up-to-date: /home/farhan-sw/Documents/Github/learn-ros2/section6-services/ros2_ws/install/my_robot_interfaces/share/my_robot_interfaces/environment/ament_prefix_path.sh
[2.512s] -- Installing: /home/farhan-sw/Documents/Github/learn-ros2/section6-services/ros2_ws/install/my_robot_interfaces/share/my_robot_interfaces/environment/ament_prefix_path.dsv
[2.512s] -- Up-to-date: /home/farhan-sw/Documents/Github/learn-ros2/section6-services/ros2_ws/install/my_robot_interfaces/share/my_robot_interfaces/environment/path.sh
[2.512s] -- Installing: /home/farhan-sw/Documents/Github/learn-ros2/section6-services/ros2_ws/install/my_robot_interfaces/share/my_robot_interfaces/environment/path.dsv
[2.512s] -- Up-to-date: /home/farhan-sw/Documents/Github/learn-ros2/section6-services/ros2_ws/install/my_robot_interfaces/share/my_robot_interfaces/local_setup.bash
[2.512s] -- Up-to-date: /home/farhan-sw/Documents/Github/learn-ros2/section6-services/ros2_ws/install/my_robot_interfaces/share/my_robot_interfaces/local_setup.sh
[2.512s] -- Up-to-date: /home/farhan-sw/Documents/Github/learn-ros2/section6-services/ros2_ws/install/my_robot_interfaces/share/my_robot_interfaces/local_setup.zsh
[2.512s] -- Installing: /home/farhan-sw/Documents/Github/learn-ros2/section6-services/ros2_ws/install/my_robot_interfaces/share/my_robot_interfaces/local_setup.dsv
[2.512s] -- Installing: /home/farhan-sw/Documents/Github/learn-ros2/section6-services/ros2_ws/install/my_robot_interfaces/share/my_robot_interfaces/package.dsv
[2.512s] -- Up-to-date: /home/farhan-sw/Documents/Github/learn-ros2/section6-services/ros2_ws/install/my_robot_interfaces/share/ament_index/resource_index/packages/my_robot_interfaces
[2.512s] -- Up-to-date: /home/farhan-sw/Documents/Github/learn-ros2/section6-services/ros2_ws/install/my_robot_interfaces/share/my_robot_interfaces/cmake/export_my_robot_interfaces__rosidl_generator_cExport.cmake
[2.512s] -- Up-to-date: /home/farhan-sw/Documents/Github/learn-ros2/section6-services/ros2_ws/install/my_robot_interfaces/share/my_robot_interfaces/cmake/export_my_robot_interfaces__rosidl_generator_cExport-noconfig.cmake
[2.512s] -- Up-to-date: /home/farhan-sw/Documents/Github/learn-ros2/section6-services/ros2_ws/install/my_robot_interfaces/share/my_robot_interfaces/cmake/export_my_robot_interfaces__rosidl_typesupport_fastrtps_cExport.cmake
[2.512s] -- Up-to-date: /home/farhan-sw/Documents/Github/learn-ros2/section6-services/ros2_ws/install/my_robot_interfaces/share/my_robot_interfaces/cmake/export_my_robot_interfaces__rosidl_typesupport_fastrtps_cExport-noconfig.cmake
[2.512s] -- Up-to-date: /home/farhan-sw/Documents/Github/learn-ros2/section6-services/ros2_ws/install/my_robot_interfaces/share/my_robot_interfaces/cmake/my_robot_interfaces__rosidl_typesupport_introspection_cExport.cmake
[2.513s] -- Up-to-date: /home/farhan-sw/Documents/Github/learn-ros2/section6-services/ros2_ws/install/my_robot_interfaces/share/my_robot_interfaces/cmake/my_robot_interfaces__rosidl_typesupport_introspection_cExport-noconfig.cmake
[2.513s] -- Up-to-date: /home/farhan-sw/Documents/Github/learn-ros2/section6-services/ros2_ws/install/my_robot_interfaces/share/my_robot_interfaces/cmake/my_robot_interfaces__rosidl_typesupport_cExport.cmake
[2.513s] -- Up-to-date: /home/farhan-sw/Documents/Github/learn-ros2/section6-services/ros2_ws/install/my_robot_interfaces/share/my_robot_interfaces/cmake/my_robot_interfaces__rosidl_typesupport_cExport-noconfig.cmake
[2.513s] -- Up-to-date: /home/farhan-sw/Documents/Github/learn-ros2/section6-services/ros2_ws/install/my_robot_interfaces/share/my_robot_interfaces/cmake/export_my_robot_interfaces__rosidl_generator_cppExport.cmake
[2.513s] -- Up-to-date: /home/farhan-sw/Documents/Github/learn-ros2/section6-services/ros2_ws/install/my_robot_interfaces/share/my_robot_interfaces/cmake/export_my_robot_interfaces__rosidl_typesupport_fastrtps_cppExport.cmake
[2.513s] -- Up-to-date: /home/farhan-sw/Documents/Github/learn-ros2/section6-services/ros2_ws/install/my_robot_interfaces/share/my_robot_interfaces/cmake/export_my_robot_interfaces__rosidl_typesupport_fastrtps_cppExport-noconfig.cmake
[2.513s] -- Up-to-date: /home/farhan-sw/Documents/Github/learn-ros2/section6-services/ros2_ws/install/my_robot_interfaces/share/my_robot_interfaces/cmake/my_robot_interfaces__rosidl_typesupport_introspection_cppExport.cmake
[2.513s] -- Up-to-date: /home/farhan-sw/Documents/Github/learn-ros2/section6-services/ros2_ws/install/my_robot_interfaces/share/my_robot_interfaces/cmake/my_robot_interfaces__rosidl_typesupport_introspection_cppExport-noconfig.cmake
[2.513s] -- Up-to-date: /home/farhan-sw/Documents/Github/learn-ros2/section6-services/ros2_ws/install/my_robot_interfaces/share/my_robot_interfaces/cmake/my_robot_interfaces__rosidl_typesupport_cppExport.cmake
[2.513s] -- Up-to-date: /home/farhan-sw/Documents/Github/learn-ros2/section6-services/ros2_ws/install/my_robot_interfaces/share/my_robot_interfaces/cmake/my_robot_interfaces__rosidl_typesupport_cppExport-noconfig.cmake
[2.513s] -- Up-to-date: /home/farhan-sw/Documents/Github/learn-ros2/section6-services/ros2_ws/install/my_robot_interfaces/share/my_robot_interfaces/cmake/export_my_robot_interfaces__rosidl_generator_pyExport.cmake
[2.513s] -- Up-to-date: /home/farhan-sw/Documents/Github/learn-ros2/section6-services/ros2_ws/install/my_robot_interfaces/share/my_robot_interfaces/cmake/export_my_robot_interfaces__rosidl_generator_pyExport-noconfig.cmake
[2.513s] -- Installing: /home/farhan-sw/Documents/Github/learn-ros2/section6-services/ros2_ws/install/my_robot_interfaces/share/my_robot_interfaces/cmake/rosidl_cmake-extras.cmake
[2.513s] -- Up-to-date: /home/farhan-sw/Documents/Github/learn-ros2/section6-services/ros2_ws/install/my_robot_interfaces/share/my_robot_interfaces/cmake/ament_cmake_export_include_directories-extras.cmake
[2.513s] -- Up-to-date: /home/farhan-sw/Documents/Github/learn-ros2/section6-services/ros2_ws/install/my_robot_interfaces/share/my_robot_interfaces/cmake/ament_cmake_export_libraries-extras.cmake
[2.513s] -- Up-to-date: /home/farhan-sw/Documents/Github/learn-ros2/section6-services/ros2_ws/install/my_robot_interfaces/share/my_robot_interfaces/cmake/ament_cmake_export_targets-extras.cmake
[2.513s] -- Up-to-date: /home/farhan-sw/Documents/Github/learn-ros2/section6-services/ros2_ws/install/my_robot_interfaces/share/my_robot_interfaces/cmake/rosidl_cmake_export_typesupport_targets-extras.cmake
[2.513s] -- Up-to-date: /home/farhan-sw/Documents/Github/learn-ros2/section6-services/ros2_ws/install/my_robot_interfaces/share/my_robot_interfaces/cmake/ament_cmake_export_dependencies-extras.cmake
[2.513s] -- Up-to-date: /home/farhan-sw/Documents/Github/learn-ros2/section6-services/ros2_ws/install/my_robot_interfaces/share/my_robot_interfaces/cmake/rosidl_cmake_export_typesupport_libraries-extras.cmake
[2.513s] -- Up-to-date: /home/farhan-sw/Documents/Github/learn-ros2/section6-services/ros2_ws/install/my_robot_interfaces/share/my_robot_interfaces/cmake/my_robot_interfacesConfig.cmake
[2.513s] -- Up-to-date: /home/farhan-sw/Documents/Github/learn-ros2/section6-services/ros2_ws/install/my_robot_interfaces/share/my_robot_interfaces/cmake/my_robot_interfacesConfig-version.cmake
[2.513s] -- Up-to-date: /home/farhan-sw/Documents/Github/learn-ros2/section6-services/ros2_ws/install/my_robot_interfaces/share/my_robot_interfaces/package.xml
[2.515s] Invoked command in '/home/farhan-sw/Documents/Github/learn-ros2/section6-services/ros2_ws/build/my_robot_interfaces' returned '0': CMAKE_PREFIX_PATH=${CMAKE_PREFIX_PATH}:/home/farhan-sw/Documents/Github/learn-ros2/section6-services/ros2_ws/install/my_py_pkg:/home/farhan-sw/Documents/Github/learn-ros2/section3/ros2_ws/install/my_py_pkg:/opt/ros/humble /usr/bin/cmake --install /home/farhan-sw/Documents/Github/learn-ros2/section6-services/ros2_ws/build/my_robot_interfaces
