[0.009s] Invoking command in '/home/farhan-sw/Documents/Github/learn-ros2/section3/ros2_ws/build/my_cpp_pkg': CMAKE_PREFIX_PATH=${CMAKE_PREFIX_PATH}:/home/farhan-sw/Documents/Github/learn-ros2/section3/ros2_ws/install/my_py_pkg:/opt/ros/humble /usr/bin/cmake /home/farhan-sw/Documents/Github/learn-ros2/section3/ros2_ws/src/my_cpp_pkg -DCMAKE_INSTALL_PREFIX=/home/farhan-sw/Documents/Github/learn-ros2/section3/ros2_ws/install/my_cpp_pkg
[0.084s] -- The C compiler identification is GNU 11.4.0
[0.121s] -- The CXX compiler identification is GNU 11.4.0
[0.127s] -- Detecting C compiler ABI info
[0.172s] -- Detecting C compiler ABI info - done
[0.179s] -- Check for working C compiler: /usr/bin/cc - skipped
[0.180s] -- Detecting C compile features
[0.181s] -- Detecting C compile features - done
[0.183s] -- Detecting CXX compiler ABI info
[0.232s] -- Detecting CXX compiler ABI info - done
[0.239s] -- Check for working CXX compiler: /usr/bin/c++ - skipped
[0.240s] -- Detecting CXX compile features
[0.240s] -- Detecting CXX compile features - done
[0.244s] -- Found ament_cmake: 1.3.9 (/opt/ros/humble/share/ament_cmake/cmake)
[0.331s] -- Found Python3: /usr/bin/python3 (found version "3.10.12") found components: Interpreter 
[0.386s] -- Found rclcpp: 16.0.9 (/opt/ros/humble/share/rclcpp/cmake)
[0.411s] -- Found rosidl_generator_c: 3.1.5 (/opt/ros/humble/share/rosidl_generator_c/cmake)
[0.415s] -- Found rosidl_adapter: 3.1.5 (/opt/ros/humble/share/rosidl_adapter/cmake)
[0.419s] -- Found rosidl_generator_cpp: 3.1.5 (/opt/ros/humble/share/rosidl_generator_cpp/cmake)
[0.429s] -- Using all available rosidl_typesupport_c: rosidl_typesupport_fastrtps_c;rosidl_typesupport_introspection_c
[0.441s] -- Using all available rosidl_typesupport_cpp: rosidl_typesupport_fastrtps_cpp;rosidl_typesupport_introspection_cpp
[0.487s] -- Found rmw_implementation_cmake: 6.1.2 (/opt/ros/humble/share/rmw_implementation_cmake/cmake)
[0.488s] -- Found rmw_fastrtps_cpp: 6.2.6 (/opt/ros/humble/share/rmw_fastrtps_cpp/cmake)
[0.557s] -- Found OpenSSL: /usr/lib/x86_64-linux-gnu/libcrypto.so (found version "3.0.2")  
[0.573s] -- Found FastRTPS: /opt/ros/humble/include  
[0.599s] -- Using RMW implementation 'rmw_fastrtps_cpp' as default
[0.605s] -- Looking for pthread.h
[0.660s] -- Looking for pthread.h - found
[0.661s] -- Performing Test CMAKE_HAVE_LIBC_PTHREAD
[0.745s] -- Performing Test CMAKE_HAVE_LIBC_PTHREAD - Success
[0.746s] -- Found Threads: TRUE  
[0.852s] -- Found example_interfaces: 0.9.3 (/opt/ros/humble/share/example_interfaces/cmake)
[0.976s] -- Configuring done
[0.984s] -- Generating done
[0.985s] -- Build files have been written to: /home/farhan-sw/Documents/Github/learn-ros2/section3/ros2_ws/build/my_cpp_pkg
