[0.007s] Invoking command in '/home/farhan-sw/Documents/Github/learn-ros2/section6-services/ros2_ws/build/my_robot_bringup': CMAKE_PREFIX_PATH=${CMAKE_PREFIX_PATH}:/home/farhan-sw/Documents/Github/learn-ros2/section6-services/ros2_ws/install/my_py_pkg:/home/farhan-sw/Documents/Github/learn-ros2/section3/ros2_ws/install/my_py_pkg:/opt/ros/humble /usr/bin/cmake /home/farhan-sw/Documents/Github/learn-ros2/section6-services/ros2_ws/src/my_robot_bringup -DAMENT_CMAKE_SYMLINK_INSTALL=1 -DCMAKE_INSTALL_PREFIX=/home/farhan-sw/Documents/Github/learn-ros2/section6-services/ros2_ws/install/my_robot_bringup
[0.015s] -- Found ament_cmake: 1.3.9 (/opt/ros/humble/share/ament_cmake/cmake)
[0.091s] -- Override CMake install command with custom implementation using symlinks instead of copying resources
[0.141s] -- Configuring done
[0.142s] -- Generating done
[0.143s] -- Build files have been written to: /home/farhan-sw/Documents/Github/learn-ros2/section6-services/ros2_ws/build/my_robot_bringup
[0.146s] Invoked command in '/home/farhan-sw/Documents/Github/learn-ros2/section6-services/ros2_ws/build/my_robot_bringup' returned '0': CMAKE_PREFIX_PATH=${CMAKE_PREFIX_PATH}:/home/farhan-sw/Documents/Github/learn-ros2/section6-services/ros2_ws/install/my_py_pkg:/home/farhan-sw/Documents/Github/learn-ros2/section3/ros2_ws/install/my_py_pkg:/opt/ros/humble /usr/bin/cmake /home/farhan-sw/Documents/Github/learn-ros2/section6-services/ros2_ws/src/my_robot_bringup -DAMENT_CMAKE_SYMLINK_INSTALL=1 -DCMAKE_INSTALL_PREFIX=/home/farhan-sw/Documents/Github/learn-ros2/section6-services/ros2_ws/install/my_robot_bringup
[0.147s] Invoking command in '/home/farhan-sw/Documents/Github/learn-ros2/section6-services/ros2_ws/build/my_robot_bringup': CMAKE_PREFIX_PATH=${CMAKE_PREFIX_PATH}:/home/farhan-sw/Documents/Github/learn-ros2/section6-services/ros2_ws/install/my_py_pkg:/home/farhan-sw/Documents/Github/learn-ros2/section3/ros2_ws/install/my_py_pkg:/opt/ros/humble /usr/bin/cmake --build /home/farhan-sw/Documents/Github/learn-ros2/section6-services/ros2_ws/build/my_robot_bringup -- -j16 -l16
[0.173s] Invoked command in '/home/farhan-sw/Documents/Github/learn-ros2/section6-services/ros2_ws/build/my_robot_bringup' returned '0': CMAKE_PREFIX_PATH=${CMAKE_PREFIX_PATH}:/home/farhan-sw/Documents/Github/learn-ros2/section6-services/ros2_ws/install/my_py_pkg:/home/farhan-sw/Documents/Github/learn-ros2/section3/ros2_ws/install/my_py_pkg:/opt/ros/humble /usr/bin/cmake --build /home/farhan-sw/Documents/Github/learn-ros2/section6-services/ros2_ws/build/my_robot_bringup -- -j16 -l16
[0.209s] Invoking command in '/home/farhan-sw/Documents/Github/learn-ros2/section6-services/ros2_ws/build/my_robot_bringup': CMAKE_PREFIX_PATH=${CMAKE_PREFIX_PATH}:/home/farhan-sw/Documents/Github/learn-ros2/section6-services/ros2_ws/install/my_py_pkg:/home/farhan-sw/Documents/Github/learn-ros2/section3/ros2_ws/install/my_py_pkg:/opt/ros/humble /usr/bin/cmake --install /home/farhan-sw/Documents/Github/learn-ros2/section6-services/ros2_ws/build/my_robot_bringup
[0.216s] -- Install configuration: ""
[0.216s] -- Execute custom install script
[0.217s] -- Symlinking: /home/farhan-sw/Documents/Github/learn-ros2/section6-services/ros2_ws/install/my_robot_bringup/share/my_robot_bringup/launch/number_app.launch.py
[0.222s] -- Symlinking: /home/farhan-sw/Documents/Github/learn-ros2/section6-services/ros2_ws/install/my_robot_bringup/share/ament_index/resource_index/package_run_dependencies/my_robot_bringup
[0.228s] -- Symlinking: /home/farhan-sw/Documents/Github/learn-ros2/section6-services/ros2_ws/install/my_robot_bringup/share/ament_index/resource_index/parent_prefix_path/my_robot_bringup
[0.239s] -- Symlinking: /home/farhan-sw/Documents/Github/learn-ros2/section6-services/ros2_ws/install/my_robot_bringup/share/my_robot_bringup/environment/ament_prefix_path.sh
[0.246s] -- Symlinking: /home/farhan-sw/Documents/Github/learn-ros2/section6-services/ros2_ws/install/my_robot_bringup/share/my_robot_bringup/environment/ament_prefix_path.dsv
[0.253s] -- Symlinking: /home/farhan-sw/Documents/Github/learn-ros2/section6-services/ros2_ws/install/my_robot_bringup/share/my_robot_bringup/environment/path.sh
[0.261s] -- Symlinking: /home/farhan-sw/Documents/Github/learn-ros2/section6-services/ros2_ws/install/my_robot_bringup/share/my_robot_bringup/environment/path.dsv
[0.267s] -- Symlinking: /home/farhan-sw/Documents/Github/learn-ros2/section6-services/ros2_ws/install/my_robot_bringup/share/my_robot_bringup/local_setup.bash
[0.273s] -- Symlinking: /home/farhan-sw/Documents/Github/learn-ros2/section6-services/ros2_ws/install/my_robot_bringup/share/my_robot_bringup/local_setup.sh
[0.278s] -- Symlinking: /home/farhan-sw/Documents/Github/learn-ros2/section6-services/ros2_ws/install/my_robot_bringup/share/my_robot_bringup/local_setup.zsh
[0.284s] -- Symlinking: /home/farhan-sw/Documents/Github/learn-ros2/section6-services/ros2_ws/install/my_robot_bringup/share/my_robot_bringup/local_setup.dsv
[0.289s] -- Symlinking: /home/farhan-sw/Documents/Github/learn-ros2/section6-services/ros2_ws/install/my_robot_bringup/share/my_robot_bringup/package.dsv
[0.295s] -- Symlinking: /home/farhan-sw/Documents/Github/learn-ros2/section6-services/ros2_ws/install/my_robot_bringup/share/ament_index/resource_index/packages/my_robot_bringup
[0.301s] -- Symlinking: /home/farhan-sw/Documents/Github/learn-ros2/section6-services/ros2_ws/install/my_robot_bringup/share/my_robot_bringup/cmake/my_robot_bringupConfig.cmake
[0.307s] -- Symlinking: /home/farhan-sw/Documents/Github/learn-ros2/section6-services/ros2_ws/install/my_robot_bringup/share/my_robot_bringup/cmake/my_robot_bringupConfig-version.cmake
[0.313s] -- Symlinking: /home/farhan-sw/Documents/Github/learn-ros2/section6-services/ros2_ws/install/my_robot_bringup/share/my_robot_bringup/package.xml
[0.320s] Invoked command in '/home/farhan-sw/Documents/Github/learn-ros2/section6-services/ros2_ws/build/my_robot_bringup' returned '0': CMAKE_PREFIX_PATH=${CMAKE_PREFIX_PATH}:/home/farhan-sw/Documents/Github/learn-ros2/section6-services/ros2_ws/install/my_py_pkg:/home/farhan-sw/Documents/Github/learn-ros2/section3/ros2_ws/install/my_py_pkg:/opt/ros/humble /usr/bin/cmake --install /home/farhan-sw/Documents/Github/learn-ros2/section6-services/ros2_ws/build/my_robot_bringup
