[0.347s] Invoking command in '/home/farhan-sw/Documents/Github/learn-ros2/section3/ros2_ws/build/my_py_pkg': PYTHONPATH=/home/farhan-sw/Documents/Github/learn-ros2/section3/ros2_ws/build/my_py_pkg/prefix_override:/usr/lib/python3/dist-packages/colcon_core/task/python/colcon_distutils_commands:/home/farhan-sw/Documents/Github/learn-ros2/section3/ros2_ws/install/my_py_pkg/lib/python3.10/site-packages:${PYTHONPATH} /usr/bin/python3 -W ignore:setup.py install is deprecated setup.py develop --editable --build-directory /home/farhan-sw/Documents/Github/learn-ros2/section3/ros2_ws/build/my_py_pkg/build --no-deps symlink_data
[0.502s] running develop
[0.588s] running egg_info
[0.588s] writing my_py_pkg.egg-info/PKG-INFO
[0.588s] writing dependency_links to my_py_pkg.egg-info/dependency_links.txt
[0.588s] writing entry points to my_py_pkg.egg-info/entry_points.txt
[0.588s] writing requirements to my_py_pkg.egg-info/requires.txt
[0.589s] writing top-level names to my_py_pkg.egg-info/top_level.txt
[0.590s] reading manifest file 'my_py_pkg.egg-info/SOURCES.txt'
[0.590s] writing manifest file 'my_py_pkg.egg-info/SOURCES.txt'
[0.591s] running build_ext
[0.591s] Creating /home/farhan-sw/Documents/Github/learn-ros2/section3/ros2_ws/install/my_py_pkg/lib/python3.10/site-packages/my-py-pkg.egg-link (link to .)
[0.591s] Installing number_publisher script to /home/farhan-sw/Documents/Github/learn-ros2/section3/ros2_ws/install/my_py_pkg/lib/my_py_pkg
[0.592s] Installing py_node script to /home/farhan-sw/Documents/Github/learn-ros2/section3/ros2_ws/install/my_py_pkg/lib/my_py_pkg
[0.592s] Installing robot_news_station script to /home/farhan-sw/Documents/Github/learn-ros2/section3/ros2_ws/install/my_py_pkg/lib/my_py_pkg
[0.592s] Installing smartphone script to /home/farhan-sw/Documents/Github/learn-ros2/section3/ros2_ws/install/my_py_pkg/lib/my_py_pkg
[0.592s] 
[0.592s] Installed /home/farhan-sw/Documents/Github/learn-ros2/section3/ros2_ws/build/my_py_pkg
[0.592s] running symlink_data
[0.608s] Invoked command in '/home/farhan-sw/Documents/Github/learn-ros2/section3/ros2_ws/build/my_py_pkg' returned '0': PYTHONPATH=/home/farhan-sw/Documents/Github/learn-ros2/section3/ros2_ws/build/my_py_pkg/prefix_override:/usr/lib/python3/dist-packages/colcon_core/task/python/colcon_distutils_commands:/home/farhan-sw/Documents/Github/learn-ros2/section3/ros2_ws/install/my_py_pkg/lib/python3.10/site-packages:${PYTHONPATH} /usr/bin/python3 -W ignore:setup.py install is deprecated setup.py develop --editable --build-directory /home/farhan-sw/Documents/Github/learn-ros2/section3/ros2_ws/build/my_py_pkg/build --no-deps symlink_data
