[0.006s] Invoking command in '/home/farhan-sw/Documents/Github/learn-ros2/section3/ros2_ws/build/my_cpp_pkg': CMAKE_PREFIX_PATH=${CMAKE_PREFIX_PATH}:/home/farhan-sw/Documents/Github/learn-ros2/section6-services/ros2_ws/install/my_py_pkg:/home/farhan-sw/Documents/Github/learn-ros2/section3/ros2_ws/install/my_py_pkg:/opt/ros/humble /usr/bin/cmake --build /home/farhan-sw/Documents/Github/learn-ros2/section3/ros2_ws/build/my_cpp_pkg -- -j16 -l16
[0.039s] [ 75%] Built target robot_news_station
[0.039s] [ 75%] Built target smartphone
[0.039s] [ 75%] Built target cpp_node
[0.039s] [ 87%] [32mBuilding CXX object CMakeFiles/number_counter.dir/src/number_counter.cpp.o[0m
[5.326s] [100%] [32m[1mLinking CXX executable number_counter[0m
[5.594s] [100%] Built target number_counter
[5.602s] Invoked command in '/home/farhan-sw/Documents/Github/learn-ros2/section3/ros2_ws/build/my_cpp_pkg' returned '0': CMAKE_PREFIX_PATH=${CMAKE_PREFIX_PATH}:/home/farhan-sw/Documents/Github/learn-ros2/section6-services/ros2_ws/install/my_py_pkg:/home/farhan-sw/Documents/Github/learn-ros2/section3/ros2_ws/install/my_py_pkg:/opt/ros/humble /usr/bin/cmake --build /home/farhan-sw/Documents/Github/learn-ros2/section3/ros2_ws/build/my_cpp_pkg -- -j16 -l16
[5.629s] Invoking command in '/home/farhan-sw/Documents/Github/learn-ros2/section3/ros2_ws/build/my_cpp_pkg': CMAKE_PREFIX_PATH=${CMAKE_PREFIX_PATH}:/home/farhan-sw/Documents/Github/learn-ros2/section6-services/ros2_ws/install/my_py_pkg:/home/farhan-sw/Documents/Github/learn-ros2/section3/ros2_ws/install/my_py_pkg:/opt/ros/humble /usr/bin/cmake --install /home/farhan-sw/Documents/Github/learn-ros2/section3/ros2_ws/build/my_cpp_pkg
[5.634s] -- Install configuration: ""
[5.634s] -- Up-to-date: /home/farhan-sw/Documents/Github/learn-ros2/section3/ros2_ws/install/my_cpp_pkg/lib/my_cpp_pkg/cpp_node
[5.634s] -- Up-to-date: /home/farhan-sw/Documents/Github/learn-ros2/section3/ros2_ws/install/my_cpp_pkg/lib/my_cpp_pkg/robot_news_station
[5.634s] -- Up-to-date: /home/farhan-sw/Documents/Github/learn-ros2/section3/ros2_ws/install/my_cpp_pkg/lib/my_cpp_pkg/smartphone
[5.634s] -- Installing: /home/farhan-sw/Documents/Github/learn-ros2/section3/ros2_ws/install/my_cpp_pkg/lib/my_cpp_pkg/number_counter
[5.637s] -- Set runtime path of "/home/farhan-sw/Documents/Github/learn-ros2/section3/ros2_ws/install/my_cpp_pkg/lib/my_cpp_pkg/number_counter" to ""
[5.637s] -- Up-to-date: /home/farhan-sw/Documents/Github/learn-ros2/section3/ros2_ws/install/my_cpp_pkg/share/ament_index/resource_index/package_run_dependencies/my_cpp_pkg
[5.637s] -- Up-to-date: /home/farhan-sw/Documents/Github/learn-ros2/section3/ros2_ws/install/my_cpp_pkg/share/ament_index/resource_index/parent_prefix_path/my_cpp_pkg
[5.638s] -- Up-to-date: /home/farhan-sw/Documents/Github/learn-ros2/section3/ros2_ws/install/my_cpp_pkg/share/my_cpp_pkg/environment/ament_prefix_path.sh
[5.638s] -- Up-to-date: /home/farhan-sw/Documents/Github/learn-ros2/section3/ros2_ws/install/my_cpp_pkg/share/my_cpp_pkg/environment/ament_prefix_path.dsv
[5.638s] -- Up-to-date: /home/farhan-sw/Documents/Github/learn-ros2/section3/ros2_ws/install/my_cpp_pkg/share/my_cpp_pkg/environment/path.sh
[5.638s] -- Up-to-date: /home/farhan-sw/Documents/Github/learn-ros2/section3/ros2_ws/install/my_cpp_pkg/share/my_cpp_pkg/environment/path.dsv
[5.638s] -- Up-to-date: /home/farhan-sw/Documents/Github/learn-ros2/section3/ros2_ws/install/my_cpp_pkg/share/my_cpp_pkg/local_setup.bash
[5.638s] -- Up-to-date: /home/farhan-sw/Documents/Github/learn-ros2/section3/ros2_ws/install/my_cpp_pkg/share/my_cpp_pkg/local_setup.sh
[5.638s] -- Up-to-date: /home/farhan-sw/Documents/Github/learn-ros2/section3/ros2_ws/install/my_cpp_pkg/share/my_cpp_pkg/local_setup.zsh
[5.638s] -- Up-to-date: /home/farhan-sw/Documents/Github/learn-ros2/section3/ros2_ws/install/my_cpp_pkg/share/my_cpp_pkg/local_setup.dsv
[5.638s] -- Installing: /home/farhan-sw/Documents/Github/learn-ros2/section3/ros2_ws/install/my_cpp_pkg/share/my_cpp_pkg/package.dsv
[5.638s] -- Up-to-date: /home/farhan-sw/Documents/Github/learn-ros2/section3/ros2_ws/install/my_cpp_pkg/share/ament_index/resource_index/packages/my_cpp_pkg
[5.638s] -- Up-to-date: /home/farhan-sw/Documents/Github/learn-ros2/section3/ros2_ws/install/my_cpp_pkg/share/my_cpp_pkg/cmake/my_cpp_pkgConfig.cmake
[5.638s] -- Up-to-date: /home/farhan-sw/Documents/Github/learn-ros2/section3/ros2_ws/install/my_cpp_pkg/share/my_cpp_pkg/cmake/my_cpp_pkgConfig-version.cmake
[5.638s] -- Up-to-date: /home/farhan-sw/Documents/Github/learn-ros2/section3/ros2_ws/install/my_cpp_pkg/share/my_cpp_pkg/package.xml
[5.639s] Invoked command in '/home/farhan-sw/Documents/Github/learn-ros2/section3/ros2_ws/build/my_cpp_pkg' returned '0': CMAKE_PREFIX_PATH=${CMAKE_PREFIX_PATH}:/home/farhan-sw/Documents/Github/learn-ros2/section6-services/ros2_ws/install/my_py_pkg:/home/farhan-sw/Documents/Github/learn-ros2/section3/ros2_ws/install/my_py_pkg:/opt/ros/humble /usr/bin/cmake --install /home/farhan-sw/Documents/Github/learn-ros2/section3/ros2_ws/build/my_cpp_pkg
