[0.350s] Invoking command in '/home/farhan-sw/Documents/Github/learn-ros2/section3/ros2_ws/build/my_py_pkg': PYTHONPATH=/home/farhan-sw/Documents/Github/learn-ros2/section3/ros2_ws/build/my_py_pkg/prefix_override:/usr/lib/python3/dist-packages/colcon_core/task/python/colcon_distutils_commands:/home/farhan-sw/Documents/Github/learn-ros2/section3/ros2_ws/install/my_py_pkg/lib/python3.10/site-packages:${PYTHONPATH} /usr/bin/python3 -W ignore:setup.py install is deprecated setup.py develop --uninstall --editable --build-directory /home/farhan-sw/Documents/Github/learn-ros2/section3/ros2_ws/build/my_py_pkg/build
[0.503s] running develop
[0.592s] Removing /home/farhan-sw/Documents/Github/learn-ros2/section3/ros2_ws/install/my_py_pkg/lib/python3.10/site-packages/my-py-pkg.egg-link (link to .)
[0.610s] Invoked command in '/home/farhan-sw/Documents/Github/learn-ros2/section3/ros2_ws/build/my_py_pkg' returned '0': PYTHONPATH=/home/farhan-sw/Documents/Github/learn-ros2/section3/ros2_ws/build/my_py_pkg/prefix_override:/usr/lib/python3/dist-packages/colcon_core/task/python/colcon_distutils_commands:/home/farhan-sw/Documents/Github/learn-ros2/section3/ros2_ws/install/my_py_pkg/lib/python3.10/site-packages:${PYTHONPATH} /usr/bin/python3 -W ignore:setup.py install is deprecated setup.py develop --uninstall --editable --build-directory /home/farhan-sw/Documents/Github/learn-ros2/section3/ros2_ws/build/my_py_pkg/build
[0.611s] Invoking command in '/home/farhan-sw/Documents/Github/learn-ros2/section3/ros2_ws/src/my_py_pkg': PYTHONPATH=/home/farhan-sw/Documents/Github/learn-ros2/section3/ros2_ws/build/my_py_pkg/prefix_override:/usr/lib/python3/dist-packages/colcon_core/task/python/colcon_distutils_commands:/home/farhan-sw/Documents/Github/learn-ros2/section3/ros2_ws/install/my_py_pkg/lib/python3.10/site-packages:${PYTHONPATH} /usr/bin/python3 -W ignore:setup.py install is deprecated setup.py egg_info --egg-base ../../build/my_py_pkg build --build-base /home/farhan-sw/Documents/Github/learn-ros2/section3/ros2_ws/build/my_py_pkg/build install --record /home/farhan-sw/Documents/Github/learn-ros2/section3/ros2_ws/build/my_py_pkg/install.log --single-version-externally-managed install_data --force
[0.752s] running egg_info
[0.752s] writing ../../build/my_py_pkg/my_py_pkg.egg-info/PKG-INFO
[0.752s] writing dependency_links to ../../build/my_py_pkg/my_py_pkg.egg-info/dependency_links.txt
[0.753s] writing entry points to ../../build/my_py_pkg/my_py_pkg.egg-info/entry_points.txt
[0.753s] writing requirements to ../../build/my_py_pkg/my_py_pkg.egg-info/requires.txt
[0.753s] writing top-level names to ../../build/my_py_pkg/my_py_pkg.egg-info/top_level.txt
[0.754s] reading manifest file '../../build/my_py_pkg/my_py_pkg.egg-info/SOURCES.txt'
[0.755s] writing manifest file '../../build/my_py_pkg/my_py_pkg.egg-info/SOURCES.txt'
[0.755s] running build
[0.755s] running build_py
[0.755s] running install
[0.755s] running install_lib
[0.755s] copying /home/farhan-sw/Documents/Github/learn-ros2/section3/ros2_ws/build/my_py_pkg/build/lib/my_py_pkg/my_first_node.py -> /home/farhan-sw/Documents/Github/learn-ros2/section3/ros2_ws/install/my_py_pkg/lib/python3.10/site-packages/my_py_pkg
[0.755s] copying /home/farhan-sw/Documents/Github/learn-ros2/section3/ros2_ws/build/my_py_pkg/build/lib/my_py_pkg/__init__.py -> /home/farhan-sw/Documents/Github/learn-ros2/section3/ros2_ws/install/my_py_pkg/lib/python3.10/site-packages/my_py_pkg
[0.755s] copying /home/farhan-sw/Documents/Github/learn-ros2/section3/ros2_ws/build/my_py_pkg/build/lib/my_py_pkg/robot_news_station.py -> /home/farhan-sw/Documents/Github/learn-ros2/section3/ros2_ws/install/my_py_pkg/lib/python3.10/site-packages/my_py_pkg
[0.756s] byte-compiling /home/farhan-sw/Documents/Github/learn-ros2/section3/ros2_ws/install/my_py_pkg/lib/python3.10/site-packages/my_py_pkg/my_first_node.py to my_first_node.cpython-310.pyc
[0.756s] byte-compiling /home/farhan-sw/Documents/Github/learn-ros2/section3/ros2_ws/install/my_py_pkg/lib/python3.10/site-packages/my_py_pkg/__init__.py to __init__.cpython-310.pyc
[0.756s] byte-compiling /home/farhan-sw/Documents/Github/learn-ros2/section3/ros2_ws/install/my_py_pkg/lib/python3.10/site-packages/my_py_pkg/robot_news_station.py to robot_news_station.cpython-310.pyc
[0.756s] running install_data
[0.756s] copying resource/my_py_pkg -> /home/farhan-sw/Documents/Github/learn-ros2/section3/ros2_ws/install/my_py_pkg/share/ament_index/resource_index/packages
[0.756s] copying package.xml -> /home/farhan-sw/Documents/Github/learn-ros2/section3/ros2_ws/install/my_py_pkg/share/my_py_pkg
[0.756s] running install_egg_info
[0.757s] Copying ../../build/my_py_pkg/my_py_pkg.egg-info to /home/farhan-sw/Documents/Github/learn-ros2/section3/ros2_ws/install/my_py_pkg/lib/python3.10/site-packages/my_py_pkg-0.0.0-py3.10.egg-info
[0.758s] running install_scripts
[0.769s] Installing py_node script to /home/farhan-sw/Documents/Github/learn-ros2/section3/ros2_ws/install/my_py_pkg/lib/my_py_pkg
[0.769s] Installing robot_news_station script to /home/farhan-sw/Documents/Github/learn-ros2/section3/ros2_ws/install/my_py_pkg/lib/my_py_pkg
[0.769s] Installing smartphone script to /home/farhan-sw/Documents/Github/learn-ros2/section3/ros2_ws/install/my_py_pkg/lib/my_py_pkg
[0.769s] writing list of installed files to '/home/farhan-sw/Documents/Github/learn-ros2/section3/ros2_ws/build/my_py_pkg/install.log'
[0.783s] Invoked command in '/home/farhan-sw/Documents/Github/learn-ros2/section3/ros2_ws/src/my_py_pkg' returned '0': PYTHONPATH=/home/farhan-sw/Documents/Github/learn-ros2/section3/ros2_ws/build/my_py_pkg/prefix_override:/usr/lib/python3/dist-packages/colcon_core/task/python/colcon_distutils_commands:/home/farhan-sw/Documents/Github/learn-ros2/section3/ros2_ws/install/my_py_pkg/lib/python3.10/site-packages:${PYTHONPATH} /usr/bin/python3 -W ignore:setup.py install is deprecated setup.py egg_info --egg-base ../../build/my_py_pkg build --build-base /home/farhan-sw/Documents/Github/learn-ros2/section3/ros2_ws/build/my_py_pkg/build install --record /home/farhan-sw/Documents/Github/learn-ros2/section3/ros2_ws/build/my_py_pkg/install.log --single-version-externally-managed install_data --force
