[0.411s] Invoking command in '/home/farhan-sw/Documents/Github/learn-ros2/section6-services/ros2_ws/src/my_py_pkg': CMAKE_PREFIX_PATH=/home/farhan-sw/Documents/Github/learn-ros2/section6-services/ros2_ws/install/my_robot_interfaces:/home/farhan-sw/Documents/Github/learn-ros2/section6-services/ros2_ws/install/my_cpp_pkg:/home/farhan-sw/Documents/Github/learn-ros2/section3/ros2_ws/install/my_cpp_pkg PYTHONPATH=/home/farhan-sw/Documents/Github/learn-ros2/section6-services/ros2_ws/build/my_py_pkg/prefix_override:/usr/lib/python3/dist-packages/colcon_core/task/python/colcon_distutils_commands:/home/farhan-sw/Documents/Github/learn-ros2/section6-services/ros2_ws/install/my_py_pkg/lib/python3.10/site-packages:${PYTHONPATH} /usr/bin/python3 -W ignore:setup.py install is deprecated setup.py egg_info --egg-base ../../build/my_py_pkg build --build-base /home/farhan-sw/Documents/Github/learn-ros2/section6-services/ros2_ws/build/my_py_pkg/build install --record /home/farhan-sw/Documents/Github/learn-ros2/section6-services/ros2_ws/build/my_py_pkg/install.log --single-version-externally-managed install_data
[0.561s] running egg_info
[0.562s] writing ../../build/my_py_pkg/my_py_pkg.egg-info/PKG-INFO
[0.562s] writing dependency_links to ../../build/my_py_pkg/my_py_pkg.egg-info/dependency_links.txt
[0.562s] writing entry points to ../../build/my_py_pkg/my_py_pkg.egg-info/entry_points.txt
[0.562s] writing requirements to ../../build/my_py_pkg/my_py_pkg.egg-info/requires.txt
[0.562s] writing top-level names to ../../build/my_py_pkg/my_py_pkg.egg-info/top_level.txt
[0.563s] reading manifest file '../../build/my_py_pkg/my_py_pkg.egg-info/SOURCES.txt'
[0.564s] writing manifest file '../../build/my_py_pkg/my_py_pkg.egg-info/SOURCES.txt'
[0.564s] running build
[0.564s] running build_py
[0.564s] copying my_py_pkg/battery.py -> /home/farhan-sw/Documents/Github/learn-ros2/section6-services/ros2_ws/build/my_py_pkg/build/lib/my_py_pkg
[0.564s] running install
[0.564s] running install_lib
[0.565s] copying /home/farhan-sw/Documents/Github/learn-ros2/section6-services/ros2_ws/build/my_py_pkg/build/lib/my_py_pkg/battery.py -> /home/farhan-sw/Documents/Github/learn-ros2/section6-services/ros2_ws/install/my_py_pkg/lib/python3.10/site-packages/my_py_pkg
[0.565s] byte-compiling /home/farhan-sw/Documents/Github/learn-ros2/section6-services/ros2_ws/install/my_py_pkg/lib/python3.10/site-packages/my_py_pkg/battery.py to battery.cpython-310.pyc
[0.565s] running install_data
[0.566s] running install_egg_info
[0.567s] removing '/home/farhan-sw/Documents/Github/learn-ros2/section6-services/ros2_ws/install/my_py_pkg/lib/python3.10/site-packages/my_py_pkg-0.0.0-py3.10.egg-info' (and everything under it)
[0.567s] Copying ../../build/my_py_pkg/my_py_pkg.egg-info to /home/farhan-sw/Documents/Github/learn-ros2/section6-services/ros2_ws/install/my_py_pkg/lib/python3.10/site-packages/my_py_pkg-0.0.0-py3.10.egg-info
[0.567s] running install_scripts
[0.580s] Installing add_two_ints_client script to /home/farhan-sw/Documents/Github/learn-ros2/section6-services/ros2_ws/install/my_py_pkg/lib/my_py_pkg
[0.580s] Installing add_two_ints_client_no_oop script to /home/farhan-sw/Documents/Github/learn-ros2/section6-services/ros2_ws/install/my_py_pkg/lib/my_py_pkg
[0.580s] Installing add_two_ints_server script to /home/farhan-sw/Documents/Github/learn-ros2/section6-services/ros2_ws/install/my_py_pkg/lib/my_py_pkg
[0.580s] Installing battery script to /home/farhan-sw/Documents/Github/learn-ros2/section6-services/ros2_ws/install/my_py_pkg/lib/my_py_pkg
[0.580s] Installing hardware_status_publisher script to /home/farhan-sw/Documents/Github/learn-ros2/section6-services/ros2_ws/install/my_py_pkg/lib/my_py_pkg
[0.581s] writing list of installed files to '/home/farhan-sw/Documents/Github/learn-ros2/section6-services/ros2_ws/build/my_py_pkg/install.log'
[0.596s] Invoked command in '/home/farhan-sw/Documents/Github/learn-ros2/section6-services/ros2_ws/src/my_py_pkg' returned '0': CMAKE_PREFIX_PATH=/home/farhan-sw/Documents/Github/learn-ros2/section6-services/ros2_ws/install/my_robot_interfaces:/home/farhan-sw/Documents/Github/learn-ros2/section6-services/ros2_ws/install/my_cpp_pkg:/home/farhan-sw/Documents/Github/learn-ros2/section3/ros2_ws/install/my_cpp_pkg PYTHONPATH=/home/farhan-sw/Documents/Github/learn-ros2/section6-services/ros2_ws/build/my_py_pkg/prefix_override:/usr/lib/python3/dist-packages/colcon_core/task/python/colcon_distutils_commands:/home/farhan-sw/Documents/Github/learn-ros2/section6-services/ros2_ws/install/my_py_pkg/lib/python3.10/site-packages:${PYTHONPATH} /usr/bin/python3 -W ignore:setup.py install is deprecated setup.py egg_info --egg-base ../../build/my_py_pkg build --build-base /home/farhan-sw/Documents/Github/learn-ros2/section6-services/ros2_ws/build/my_py_pkg/build install --record /home/farhan-sw/Documents/Github/learn-ros2/section6-services/ros2_ws/build/my_py_pkg/install.log --single-version-externally-managed install_data
