[0.344s] Invoking command in '/home/farhan-sw/Documents/Github/learn-ros2/section3/ros2_ws/build/my_py_pkg': PYTHONPATH=/home/farhan-sw/Documents/Github/learn-ros2/section3/ros2_ws/build/my_py_pkg/prefix_override:/usr/lib/python3/dist-packages/colcon_core/task/python/colcon_distutils_commands:/home/farhan-sw/Documents/Github/learn-ros2/section3/ros2_ws/install/my_py_pkg/lib/python3.10/site-packages:${PYTHONPATH} /usr/bin/python3 -W ignore:setup.py install is deprecated setup.py develop --editable --build-directory /home/farhan-sw/Documents/Github/learn-ros2/section3/ros2_ws/build/my_py_pkg/build --no-deps symlink_data --force
[0.495s] running develop
[0.579s] running egg_info
[0.579s] writing my_py_pkg.egg-info/PKG-INFO
[0.579s] writing dependency_links to my_py_pkg.egg-info/dependency_links.txt
[0.579s] writing entry points to my_py_pkg.egg-info/entry_points.txt
[0.579s] writing requirements to my_py_pkg.egg-info/requires.txt
[0.579s] writing top-level names to my_py_pkg.egg-info/top_level.txt
[0.580s] reading manifest file 'my_py_pkg.egg-info/SOURCES.txt'
[0.581s] writing manifest file 'my_py_pkg.egg-info/SOURCES.txt'
[0.582s] running build_ext
[0.582s] Creating /home/farhan-sw/Documents/Github/learn-ros2/section3/ros2_ws/install/my_py_pkg/lib/python3.10/site-packages/my-py-pkg.egg-link (link to .)
[0.582s] Installing number_publisher script to /home/farhan-sw/Documents/Github/learn-ros2/section3/ros2_ws/install/my_py_pkg/lib/my_py_pkg
[0.582s] Installing py_node script to /home/farhan-sw/Documents/Github/learn-ros2/section3/ros2_ws/install/my_py_pkg/lib/my_py_pkg
[0.583s] Installing robot_news_station script to /home/farhan-sw/Documents/Github/learn-ros2/section3/ros2_ws/install/my_py_pkg/lib/my_py_pkg
[0.583s] Installing smartphone script to /home/farhan-sw/Documents/Github/learn-ros2/section3/ros2_ws/install/my_py_pkg/lib/my_py_pkg
[0.583s] 
[0.583s] Installed /home/farhan-sw/Documents/Github/learn-ros2/section3/ros2_ws/build/my_py_pkg
[0.583s] running symlink_data
[0.583s] symbolically linking /home/farhan-sw/Documents/Github/learn-ros2/section3/ros2_ws/build/my_py_pkg/resource/my_py_pkg -> /home/farhan-sw/Documents/Github/learn-ros2/section3/ros2_ws/install/my_py_pkg/share/ament_index/resource_index/packages
[0.583s] symbolically linking /home/farhan-sw/Documents/Github/learn-ros2/section3/ros2_ws/build/my_py_pkg/package.xml -> /home/farhan-sw/Documents/Github/learn-ros2/section3/ros2_ws/install/my_py_pkg/share/my_py_pkg
[0.601s] Invoked command in '/home/farhan-sw/Documents/Github/learn-ros2/section3/ros2_ws/build/my_py_pkg' returned '0': PYTHONPATH=/home/farhan-sw/Documents/Github/learn-ros2/section3/ros2_ws/build/my_py_pkg/prefix_override:/usr/lib/python3/dist-packages/colcon_core/task/python/colcon_distutils_commands:/home/farhan-sw/Documents/Github/learn-ros2/section3/ros2_ws/install/my_py_pkg/lib/python3.10/site-packages:${PYTHONPATH} /usr/bin/python3 -W ignore:setup.py install is deprecated setup.py develop --editable --build-directory /home/farhan-sw/Documents/Github/learn-ros2/section3/ros2_ws/build/my_py_pkg/build --no-deps symlink_data --force
