[0.006s] Invoking command in '/home/farhan-sw/Documents/Github/learn-ros2/section3/ros2_ws/build/my_cpp_pkg': CMAKE_PREFIX_PATH=${CMAKE_PREFIX_PATH}:/home/farhan-sw/Documents/Github/learn-ros2/section3/ros2_ws/install/my_py_pkg:/opt/ros/humble /usr/bin/cmake --build /home/farhan-sw/Documents/Github/learn-ros2/section3/ros2_ws/build/my_cpp_pkg -- -j16 -l16
[0.020s] -- Found ament_cmake: 1.3.9 (/opt/ros/humble/share/ament_cmake/cmake)
[0.094s] -- Found rclcpp: 16.0.9 (/opt/ros/humble/share/rclcpp/cmake)
[0.110s] -- Found rosidl_generator_c: 3.1.5 (/opt/ros/humble/share/rosidl_generator_c/cmake)
[0.111s] -- Found rosidl_adapter: 3.1.5 (/opt/ros/humble/share/rosidl_adapter/cmake)
[0.115s] -- Found rosidl_generator_cpp: 3.1.5 (/opt/ros/humble/share/rosidl_generator_cpp/cmake)
[0.121s] -- Using all available rosidl_typesupport_c: rosidl_typesupport_fastrtps_c;rosidl_typesupport_introspection_c
[0.130s] -- Using all available rosidl_typesupport_cpp: rosidl_typesupport_fastrtps_cpp;rosidl_typesupport_introspection_cpp
[0.164s] -- Found rmw_implementation_cmake: 6.1.2 (/opt/ros/humble/share/rmw_implementation_cmake/cmake)
[0.165s] -- Found rmw_fastrtps_cpp: 6.2.6 (/opt/ros/humble/share/rmw_fastrtps_cpp/cmake)
[0.232s] -- Using RMW implementation 'rmw_fastrtps_cpp' as default
[0.324s] -- Found example_interfaces: 0.9.3 (/opt/ros/humble/share/example_interfaces/cmake)
[0.444s] -- Configuring done
[0.455s] -- Generating done
[0.456s] -- Build files have been written to: /home/farhan-sw/Documents/Github/learn-ros2/section3/ros2_ws/build/my_cpp_pkg
[0.474s] [35m[1mConsolidate compiler generated dependencies of target cpp_node[0m
[0.474s] [35m[1mConsolidate compiler generated dependencies of target smartphone[0m
[0.474s] [35m[1mConsolidate compiler generated dependencies of target robot_news_station[0m
[0.482s] [ 12%] [32mBuilding CXX object CMakeFiles/number_counter.dir/src/number_counter.cpp.o[0m
[0.487s] [ 87%] Built target smartphone
[0.487s] [ 87%] Built target robot_news_station
[0.487s] [ 87%] Built target cpp_node
[1.840s] [01m[K/home/farhan-sw/Documents/Github/learn-ros2/section3/ros2_ws/src/my_cpp_pkg/src/number_counter.cpp:[m[K In member function ‘[01m[Kvoid number_counter_node::callbackNumber(example_interfaces::msg::Int64_<std::allocator<void> >::SharedPtr)[m[K’:
[1.840s] [01m[K/home/farhan-sw/Documents/Github/learn-ros2/section3/ros2_ws/src/my_cpp_pkg/src/number_counter.cpp:27:73:[m[K [01;35m[Kwarning: [m[Kunused parameter ‘[01m[Kmsg[m[K’ [[01;35m[K]8;;https://gcc.gnu.org/onlinedocs/gcc/Warning-Options.html#index-Wunused-parameter-Wunused-parameter]8;;[m[K]
[1.841s]    27 |     void callbackNumber([01;35m[Kconst example_interfaces::msg::Int64::SharedPtr msg[m[K)
[1.841s]       |                         [01;35m[K~~~~~~~~~~~~~~~~~~~~~~~~~~~~~~~~~~~~~~~~~~~~~~~~^~~[m[K
[5.382s] [100%] [32m[1mLinking CXX executable number_counter[0m
[5.612s] [100%] Built target number_counter
[5.619s] Invoked command in '/home/farhan-sw/Documents/Github/learn-ros2/section3/ros2_ws/build/my_cpp_pkg' returned '0': CMAKE_PREFIX_PATH=${CMAKE_PREFIX_PATH}:/home/farhan-sw/Documents/Github/learn-ros2/section3/ros2_ws/install/my_py_pkg:/opt/ros/humble /usr/bin/cmake --build /home/farhan-sw/Documents/Github/learn-ros2/section3/ros2_ws/build/my_cpp_pkg -- -j16 -l16
[5.643s] Invoking command in '/home/farhan-sw/Documents/Github/learn-ros2/section3/ros2_ws/build/my_cpp_pkg': CMAKE_PREFIX_PATH=${CMAKE_PREFIX_PATH}:/home/farhan-sw/Documents/Github/learn-ros2/section3/ros2_ws/install/my_py_pkg:/opt/ros/humble /usr/bin/cmake --install /home/farhan-sw/Documents/Github/learn-ros2/section3/ros2_ws/build/my_cpp_pkg
[5.646s] -- Install configuration: ""
[5.647s] -- Up-to-date: /home/farhan-sw/Documents/Github/learn-ros2/section3/ros2_ws/install/my_cpp_pkg/lib/my_cpp_pkg/cpp_node
[5.647s] -- Up-to-date: /home/farhan-sw/Documents/Github/learn-ros2/section3/ros2_ws/install/my_cpp_pkg/lib/my_cpp_pkg/robot_news_station
[5.647s] -- Up-to-date: /home/farhan-sw/Documents/Github/learn-ros2/section3/ros2_ws/install/my_cpp_pkg/lib/my_cpp_pkg/smartphone
[5.647s] -- Installing: /home/farhan-sw/Documents/Github/learn-ros2/section3/ros2_ws/install/my_cpp_pkg/lib/my_cpp_pkg/number_counter
[5.650s] -- Set runtime path of "/home/farhan-sw/Documents/Github/learn-ros2/section3/ros2_ws/install/my_cpp_pkg/lib/my_cpp_pkg/number_counter" to ""
[5.650s] -- Up-to-date: /home/farhan-sw/Documents/Github/learn-ros2/section3/ros2_ws/install/my_cpp_pkg/share/ament_index/resource_index/package_run_dependencies/my_cpp_pkg
[5.650s] -- Up-to-date: /home/farhan-sw/Documents/Github/learn-ros2/section3/ros2_ws/install/my_cpp_pkg/share/ament_index/resource_index/parent_prefix_path/my_cpp_pkg
[5.650s] -- Up-to-date: /home/farhan-sw/Documents/Github/learn-ros2/section3/ros2_ws/install/my_cpp_pkg/share/my_cpp_pkg/environment/ament_prefix_path.sh
[5.650s] -- Installing: /home/farhan-sw/Documents/Github/learn-ros2/section3/ros2_ws/install/my_cpp_pkg/share/my_cpp_pkg/environment/ament_prefix_path.dsv
[5.650s] -- Up-to-date: /home/farhan-sw/Documents/Github/learn-ros2/section3/ros2_ws/install/my_cpp_pkg/share/my_cpp_pkg/environment/path.sh
[5.650s] -- Installing: /home/farhan-sw/Documents/Github/learn-ros2/section3/ros2_ws/install/my_cpp_pkg/share/my_cpp_pkg/environment/path.dsv
[5.650s] -- Up-to-date: /home/farhan-sw/Documents/Github/learn-ros2/section3/ros2_ws/install/my_cpp_pkg/share/my_cpp_pkg/local_setup.bash
[5.650s] -- Up-to-date: /home/farhan-sw/Documents/Github/learn-ros2/section3/ros2_ws/install/my_cpp_pkg/share/my_cpp_pkg/local_setup.sh
[5.650s] -- Up-to-date: /home/farhan-sw/Documents/Github/learn-ros2/section3/ros2_ws/install/my_cpp_pkg/share/my_cpp_pkg/local_setup.zsh
[5.650s] -- Installing: /home/farhan-sw/Documents/Github/learn-ros2/section3/ros2_ws/install/my_cpp_pkg/share/my_cpp_pkg/local_setup.dsv
[5.650s] -- Installing: /home/farhan-sw/Documents/Github/learn-ros2/section3/ros2_ws/install/my_cpp_pkg/share/my_cpp_pkg/package.dsv
[5.651s] -- Up-to-date: /home/farhan-sw/Documents/Github/learn-ros2/section3/ros2_ws/install/my_cpp_pkg/share/ament_index/resource_index/packages/my_cpp_pkg
[5.651s] -- Up-to-date: /home/farhan-sw/Documents/Github/learn-ros2/section3/ros2_ws/install/my_cpp_pkg/share/my_cpp_pkg/cmake/my_cpp_pkgConfig.cmake
[5.651s] -- Up-to-date: /home/farhan-sw/Documents/Github/learn-ros2/section3/ros2_ws/install/my_cpp_pkg/share/my_cpp_pkg/cmake/my_cpp_pkgConfig-version.cmake
[5.651s] -- Up-to-date: /home/farhan-sw/Documents/Github/learn-ros2/section3/ros2_ws/install/my_cpp_pkg/share/my_cpp_pkg/package.xml
[5.652s] Invoked command in '/home/farhan-sw/Documents/Github/learn-ros2/section3/ros2_ws/build/my_cpp_pkg' returned '0': CMAKE_PREFIX_PATH=${CMAKE_PREFIX_PATH}:/home/farhan-sw/Documents/Github/learn-ros2/section3/ros2_ws/install/my_py_pkg:/opt/ros/humble /usr/bin/cmake --install /home/farhan-sw/Documents/Github/learn-ros2/section3/ros2_ws/build/my_cpp_pkg
