[0.319s] Invoking command in '/home/farhan-sw/Documents/Github/learn-ros2/section3/ros2_ws/build/my_py_pkg': PYTHONPATH=/home/farhan-sw/Documents/Github/learn-ros2/section3/ros2_ws/build/my_py_pkg/prefix_override:/usr/lib/python3/dist-packages/colcon_core/task/python/colcon_distutils_commands:/home/farhan-sw/Documents/Github/learn-ros2/section3/ros2_ws/install/my_py_pkg/lib/python3.10/site-packages:${PYTHONPATH} /usr/bin/python3 -W ignore:setup.py install is deprecated setup.py develop --editable --build-directory /home/farhan-sw/Documents/Github/learn-ros2/section3/ros2_ws/build/my_py_pkg/build --no-deps symlink_data
[0.458s] running develop
[0.458s] /usr/lib/python3/dist-packages/setuptools/command/easy_install.py:158: EasyInstallDeprecationWarning: easy_install command is deprecated. Use build and pip and other standards-based tools.
[0.458s]   warnings.warn(
[0.539s] running egg_info
[0.539s] writing my_py_pkg.egg-info/PKG-INFO
[0.539s] writing dependency_links to my_py_pkg.egg-info/dependency_links.txt
[0.539s] writing entry points to my_py_pkg.egg-info/entry_points.txt
[0.539s] writing requirements to my_py_pkg.egg-info/requires.txt
[0.539s] writing top-level names to my_py_pkg.egg-info/top_level.txt
[0.540s] reading manifest file 'my_py_pkg.egg-info/SOURCES.txt'
[0.540s] writing manifest file 'my_py_pkg.egg-info/SOURCES.txt'
[0.541s] running build_ext
[0.541s] Creating /home/farhan-sw/Documents/Github/learn-ros2/section3/ros2_ws/install/my_py_pkg/lib/python3.10/site-packages/my-py-pkg.egg-link (link to .)
[0.542s] Installing py_node script to /home/farhan-sw/Documents/Github/learn-ros2/section3/ros2_ws/install/my_py_pkg/lib/my_py_pkg
[0.542s] Installing robot_news_station script to /home/farhan-sw/Documents/Github/learn-ros2/section3/ros2_ws/install/my_py_pkg/lib/my_py_pkg
[0.542s] 
[0.542s] Installed /home/farhan-sw/Documents/Github/learn-ros2/section3/ros2_ws/build/my_py_pkg
[0.542s] running symlink_data
[0.557s] Invoked command in '/home/farhan-sw/Documents/Github/learn-ros2/section3/ros2_ws/build/my_py_pkg' returned '0': PYTHONPATH=/home/farhan-sw/Documents/Github/learn-ros2/section3/ros2_ws/build/my_py_pkg/prefix_override:/usr/lib/python3/dist-packages/colcon_core/task/python/colcon_distutils_commands:/home/farhan-sw/Documents/Github/learn-ros2/section3/ros2_ws/install/my_py_pkg/lib/python3.10/site-packages:${PYTHONPATH} /usr/bin/python3 -W ignore:setup.py install is deprecated setup.py develop --editable --build-directory /home/farhan-sw/Documents/Github/learn-ros2/section3/ros2_ws/build/my_py_pkg/build --no-deps symlink_data
