[0.007s] Invoking command in '/home/farhan-sw/Documents/Github/learn-ros2/section6-services/ros2_ws/build/my_cpp_pkg': CMAKE_PREFIX_PATH=${CMAKE_PREFIX_PATH}:/home/farhan-sw/Documents/Github/learn-ros2/section6-services/ros2_ws/install/my_py_pkg:/home/farhan-sw/Documents/Github/learn-ros2/section3/ros2_ws/install/my_py_pkg:/opt/ros/humble /usr/bin/cmake --build /home/farhan-sw/Documents/Github/learn-ros2/section6-services/ros2_ws/build/my_cpp_pkg -- -j16 -l16
[0.034s] [35m[1mConsolidate compiler generated dependencies of target add_two_ints_client_no_oop[0m
[0.044s] [ 50%] Built target add_two_ints_server
[0.048s] [ 75%] [32mBuilding CXX object CMakeFiles/add_two_ints_client_no_oop.dir/src/add_two_ints_client_no_oop.cpp.o[0m
[2.125s] [100%] [32m[1mLinking CXX executable add_two_ints_client_no_oop[0m
[2.214s] [100%] Built target add_two_ints_client_no_oop
[2.222s] Invoked command in '/home/farhan-sw/Documents/Github/learn-ros2/section6-services/ros2_ws/build/my_cpp_pkg' returned '0': CMAKE_PREFIX_PATH=${CMAKE_PREFIX_PATH}:/home/farhan-sw/Documents/Github/learn-ros2/section6-services/ros2_ws/install/my_py_pkg:/home/farhan-sw/Documents/Github/learn-ros2/section3/ros2_ws/install/my_py_pkg:/opt/ros/humble /usr/bin/cmake --build /home/farhan-sw/Documents/Github/learn-ros2/section6-services/ros2_ws/build/my_cpp_pkg -- -j16 -l16
[2.244s] Invoking command in '/home/farhan-sw/Documents/Github/learn-ros2/section6-services/ros2_ws/build/my_cpp_pkg': CMAKE_PREFIX_PATH=${CMAKE_PREFIX_PATH}:/home/farhan-sw/Documents/Github/learn-ros2/section6-services/ros2_ws/install/my_py_pkg:/home/farhan-sw/Documents/Github/learn-ros2/section3/ros2_ws/install/my_py_pkg:/opt/ros/humble /usr/bin/cmake --install /home/farhan-sw/Documents/Github/learn-ros2/section6-services/ros2_ws/build/my_cpp_pkg
[2.251s] -- Install configuration: ""
[2.251s] -- Up-to-date: /home/farhan-sw/Documents/Github/learn-ros2/section6-services/ros2_ws/install/my_cpp_pkg/lib/my_cpp_pkg/add_two_ints_server
[2.251s] -- Installing: /home/farhan-sw/Documents/Github/learn-ros2/section6-services/ros2_ws/install/my_cpp_pkg/lib/my_cpp_pkg/add_two_ints_client_no_oop
[2.253s] -- Set runtime path of "/home/farhan-sw/Documents/Github/learn-ros2/section6-services/ros2_ws/install/my_cpp_pkg/lib/my_cpp_pkg/add_two_ints_client_no_oop" to ""
[2.253s] -- Up-to-date: /home/farhan-sw/Documents/Github/learn-ros2/section6-services/ros2_ws/install/my_cpp_pkg/share/ament_index/resource_index/package_run_dependencies/my_cpp_pkg
[2.253s] -- Up-to-date: /home/farhan-sw/Documents/Github/learn-ros2/section6-services/ros2_ws/install/my_cpp_pkg/share/ament_index/resource_index/parent_prefix_path/my_cpp_pkg
[2.253s] -- Up-to-date: /home/farhan-sw/Documents/Github/learn-ros2/section6-services/ros2_ws/install/my_cpp_pkg/share/my_cpp_pkg/environment/ament_prefix_path.sh
[2.253s] -- Up-to-date: /home/farhan-sw/Documents/Github/learn-ros2/section6-services/ros2_ws/install/my_cpp_pkg/share/my_cpp_pkg/environment/ament_prefix_path.dsv
[2.253s] -- Up-to-date: /home/farhan-sw/Documents/Github/learn-ros2/section6-services/ros2_ws/install/my_cpp_pkg/share/my_cpp_pkg/environment/path.sh
[2.254s] -- Up-to-date: /home/farhan-sw/Documents/Github/learn-ros2/section6-services/ros2_ws/install/my_cpp_pkg/share/my_cpp_pkg/environment/path.dsv
[2.254s] -- Up-to-date: /home/farhan-sw/Documents/Github/learn-ros2/section6-services/ros2_ws/install/my_cpp_pkg/share/my_cpp_pkg/local_setup.bash
[2.254s] -- Up-to-date: /home/farhan-sw/Documents/Github/learn-ros2/section6-services/ros2_ws/install/my_cpp_pkg/share/my_cpp_pkg/local_setup.sh
[2.254s] -- Up-to-date: /home/farhan-sw/Documents/Github/learn-ros2/section6-services/ros2_ws/install/my_cpp_pkg/share/my_cpp_pkg/local_setup.zsh
[2.254s] -- Up-to-date: /home/farhan-sw/Documents/Github/learn-ros2/section6-services/ros2_ws/install/my_cpp_pkg/share/my_cpp_pkg/local_setup.dsv
[2.254s] -- Installing: /home/farhan-sw/Documents/Github/learn-ros2/section6-services/ros2_ws/install/my_cpp_pkg/share/my_cpp_pkg/package.dsv
[2.254s] -- Up-to-date: /home/farhan-sw/Documents/Github/learn-ros2/section6-services/ros2_ws/install/my_cpp_pkg/share/ament_index/resource_index/packages/my_cpp_pkg
[2.254s] -- Up-to-date: /home/farhan-sw/Documents/Github/learn-ros2/section6-services/ros2_ws/install/my_cpp_pkg/share/my_cpp_pkg/cmake/my_cpp_pkgConfig.cmake
[2.254s] -- Up-to-date: /home/farhan-sw/Documents/Github/learn-ros2/section6-services/ros2_ws/install/my_cpp_pkg/share/my_cpp_pkg/cmake/my_cpp_pkgConfig-version.cmake
[2.254s] -- Up-to-date: /home/farhan-sw/Documents/Github/learn-ros2/section6-services/ros2_ws/install/my_cpp_pkg/share/my_cpp_pkg/package.xml
[2.256s] Invoked command in '/home/farhan-sw/Documents/Github/learn-ros2/section6-services/ros2_ws/build/my_cpp_pkg' returned '0': CMAKE_PREFIX_PATH=${CMAKE_PREFIX_PATH}:/home/farhan-sw/Documents/Github/learn-ros2/section6-services/ros2_ws/install/my_py_pkg:/home/farhan-sw/Documents/Github/learn-ros2/section3/ros2_ws/install/my_py_pkg:/opt/ros/humble /usr/bin/cmake --install /home/farhan-sw/Documents/Github/learn-ros2/section6-services/ros2_ws/build/my_cpp_pkg
