[0.380s] Invoking command in '/home/farhan-sw/Documents/Github/learn-ros2/section6-services/ros2_ws/build/my_py_pkg': AMENT_PREFIX_PATH=/home/farhan-sw/Documents/Github/learn-ros2/section6-services/ros2_ws/install/my_robot_interfaces:${AMENT_PREFIX_PATH} CMAKE_PREFIX_PATH=/home/farhan-sw/Documents/Github/learn-ros2/section6-services/ros2_ws/install/my_robot_interfaces:${CMAKE_PREFIX_PATH} LD_LIBRARY_PATH=/home/farhan-sw/Documents/Github/learn-ros2/section6-services/ros2_ws/install/my_robot_interfaces/lib:${LD_LIBRARY_PATH} PYTHONPATH=/home/farhan-sw/Documents/Github/learn-ros2/section6-services/ros2_ws/build/my_py_pkg/prefix_override:/usr/lib/python3/dist-packages/colcon_core/task/python/colcon_distutils_commands:/home/farhan-sw/Documents/Github/learn-ros2/section6-services/ros2_ws/install/my_py_pkg/lib/python3.10/site-packages:/home/farhan-sw/Documents/Github/learn-ros2/section6-services/ros2_ws/install/my_robot_interfaces/local/lib/python3.10/dist-packages:${PYTHONPATH} /usr/bin/python3 -W ignore:setup.py install is deprecated setup.py develop --editable --build-directory /home/farhan-sw/Documents/Github/learn-ros2/section6-services/ros2_ws/build/my_py_pkg/build --no-deps symlink_data --force
[0.565s] running develop
[0.658s] running egg_info
[0.659s] writing my_py_pkg.egg-info/PKG-INFO
[0.659s] writing dependency_links to my_py_pkg.egg-info/dependency_links.txt
[0.659s] writing entry points to my_py_pkg.egg-info/entry_points.txt
[0.659s] writing requirements to my_py_pkg.egg-info/requires.txt
[0.659s] writing top-level names to my_py_pkg.egg-info/top_level.txt
[0.660s] reading manifest file 'my_py_pkg.egg-info/SOURCES.txt'
[0.660s] writing manifest file 'my_py_pkg.egg-info/SOURCES.txt'
[0.661s] running build_ext
[0.661s] Creating /home/farhan-sw/Documents/Github/learn-ros2/section6-services/ros2_ws/install/my_py_pkg/lib/python3.10/site-packages/my-py-pkg.egg-link (link to .)
[0.662s] Installing add_two_ints_client script to /home/farhan-sw/Documents/Github/learn-ros2/section6-services/ros2_ws/install/my_py_pkg/lib/my_py_pkg
[0.662s] Installing add_two_ints_client_no_oop script to /home/farhan-sw/Documents/Github/learn-ros2/section6-services/ros2_ws/install/my_py_pkg/lib/my_py_pkg
[0.662s] Installing add_two_ints_server script to /home/farhan-sw/Documents/Github/learn-ros2/section6-services/ros2_ws/install/my_py_pkg/lib/my_py_pkg
[0.662s] Installing hardware_status_publisher script to /home/farhan-sw/Documents/Github/learn-ros2/section6-services/ros2_ws/install/my_py_pkg/lib/my_py_pkg
[0.662s] 
[0.662s] Installed /home/farhan-sw/Documents/Github/learn-ros2/section6-services/ros2_ws/build/my_py_pkg
[0.662s] running symlink_data
[0.662s] symbolically linking /home/farhan-sw/Documents/Github/learn-ros2/section6-services/ros2_ws/build/my_py_pkg/resource/my_py_pkg -> /home/farhan-sw/Documents/Github/learn-ros2/section6-services/ros2_ws/install/my_py_pkg/share/ament_index/resource_index/packages
[0.662s] symbolically linking /home/farhan-sw/Documents/Github/learn-ros2/section6-services/ros2_ws/build/my_py_pkg/package.xml -> /home/farhan-sw/Documents/Github/learn-ros2/section6-services/ros2_ws/install/my_py_pkg/share/my_py_pkg
[0.680s] Invoked command in '/home/farhan-sw/Documents/Github/learn-ros2/section6-services/ros2_ws/build/my_py_pkg' returned '0': AMENT_PREFIX_PATH=/home/farhan-sw/Documents/Github/learn-ros2/section6-services/ros2_ws/install/my_robot_interfaces:${AMENT_PREFIX_PATH} CMAKE_PREFIX_PATH=/home/farhan-sw/Documents/Github/learn-ros2/section6-services/ros2_ws/install/my_robot_interfaces:${CMAKE_PREFIX_PATH} LD_LIBRARY_PATH=/home/farhan-sw/Documents/Github/learn-ros2/section6-services/ros2_ws/install/my_robot_interfaces/lib:${LD_LIBRARY_PATH} PYTHONPATH=/home/farhan-sw/Documents/Github/learn-ros2/section6-services/ros2_ws/build/my_py_pkg/prefix_override:/usr/lib/python3/dist-packages/colcon_core/task/python/colcon_distutils_commands:/home/farhan-sw/Documents/Github/learn-ros2/section6-services/ros2_ws/install/my_py_pkg/lib/python3.10/site-packages:/home/farhan-sw/Documents/Github/learn-ros2/section6-services/ros2_ws/install/my_robot_interfaces/local/lib/python3.10/dist-packages:${PYTHONPATH} /usr/bin/python3 -W ignore:setup.py install is deprecated setup.py develop --editable --build-directory /home/farhan-sw/Documents/Github/learn-ros2/section6-services/ros2_ws/build/my_py_pkg/build --no-deps symlink_data --force
