[0.008s] Invoking command in '/home/farhan-sw/Documents/Github/learn-ros2/section6-services/ros2_ws/build/my_cpp_pkg': CMAKE_PREFIX_PATH=${CMAKE_PREFIX_PATH}:/home/farhan-sw/Documents/Github/learn-ros2/section6-services/ros2_ws/install/my_py_pkg:/home/farhan-sw/Documents/Github/learn-ros2/section3/ros2_ws/install/my_py_pkg:/opt/ros/humble /usr/bin/cmake --build /home/farhan-sw/Documents/Github/learn-ros2/section6-services/ros2_ws/build/my_cpp_pkg -- -j16 -l16
[0.024s] -- Found ament_cmake: 1.3.9 (/opt/ros/humble/share/ament_cmake/cmake)
[0.110s] -- Found rclcpp: 16.0.9 (/opt/ros/humble/share/rclcpp/cmake)
[0.128s] -- Found rosidl_generator_c: 3.1.5 (/opt/ros/humble/share/rosidl_generator_c/cmake)
[0.129s] -- Found rosidl_adapter: 3.1.5 (/opt/ros/humble/share/rosidl_adapter/cmake)
[0.133s] -- Found rosidl_generator_cpp: 3.1.5 (/opt/ros/humble/share/rosidl_generator_cpp/cmake)
[0.139s] -- Using all available rosidl_typesupport_c: rosidl_typesupport_fastrtps_c;rosidl_typesupport_introspection_c
[0.149s] -- Using all available rosidl_typesupport_cpp: rosidl_typesupport_fastrtps_cpp;rosidl_typesupport_introspection_cpp
[0.184s] -- Found rmw_implementation_cmake: 6.1.2 (/opt/ros/humble/share/rmw_implementation_cmake/cmake)
[0.185s] -- Found rmw_fastrtps_cpp: 6.2.6 (/opt/ros/humble/share/rmw_fastrtps_cpp/cmake)
[0.258s] -- Using RMW implementation 'rmw_fastrtps_cpp' as default
[0.356s] -- Found example_interfaces: 0.9.3 (/opt/ros/humble/share/example_interfaces/cmake)
[0.490s] -- Configuring done
[0.503s] -- Generating done
[0.505s] -- Build files have been written to: /home/farhan-sw/Documents/Github/learn-ros2/section6-services/ros2_ws/build/my_cpp_pkg
[0.526s] [35m[1mConsolidate compiler generated dependencies of target add_two_ints_server[0m
[0.531s] [ 25%] [32mBuilding CXX object CMakeFiles/add_two_ints_client_no_oop.dir/src/add_two_ints_client_no_oop.cpp.o[0m
[0.537s] [ 75%] Built target add_two_ints_server
[2.155s] In file included from [01m[K/opt/ros/humble/include/rclcpp/rclcpp/logging.hpp:24[m[K,
[2.155s]                  from [01m[K/opt/ros/humble/include/rclcpp/rclcpp/client.hpp:40[m[K,
[2.155s]                  from [01m[K/opt/ros/humble/include/rclcpp/rclcpp/callback_group.hpp:24[m[K,
[2.155s]                  from [01m[K/opt/ros/humble/include/rclcpp/rclcpp/any_executable.hpp:20[m[K,
[2.155s]                  from [01m[K/opt/ros/humble/include/rclcpp/rclcpp/memory_strategy.hpp:25[m[K,
[2.155s]                  from [01m[K/opt/ros/humble/include/rclcpp/rclcpp/memory_strategies.hpp:18[m[K,
[2.155s]                  from [01m[K/opt/ros/humble/include/rclcpp/rclcpp/executor_options.hpp:20[m[K,
[2.155s]                  from [01m[K/opt/ros/humble/include/rclcpp/rclcpp/executor.hpp:37[m[K,
[2.155s]                  from [01m[K/opt/ros/humble/include/rclcpp/rclcpp/executors/multi_threaded_executor.hpp:25[m[K,
[2.155s]                  from [01m[K/opt/ros/humble/include/rclcpp/rclcpp/executors.hpp:21[m[K,
[2.155s]                  from [01m[K/opt/ros/humble/include/rclcpp/rclcpp/rclcpp.hpp:155[m[K,
[2.155s]                  from [01m[K/home/farhan-sw/Documents/Github/learn-ros2/section6-services/ros2_ws/src/my_cpp_pkg/src/add_two_ints_client_no_oop.cpp:1[m[K:
[2.155s] [01m[K/home/farhan-sw/Documents/Github/learn-ros2/section6-services/ros2_ws/src/my_cpp_pkg/src/add_two_ints_client_no_oop.cpp:[m[K In function ‘[01m[Kint main(int, char**)[m[K’:
[2.156s] [01m[K/home/farhan-sw/Documents/Github/learn-ros2/section6-services/ros2_ws/src/my_cpp_pkg/src/add_two_ints_client_no_oop.cpp:26:41:[m[K [01;35m[Kwarning: [m[Kformat ‘[01m[K%d[m[K’ expects argument of type ‘[01m[Kint[m[K’, but argument 7 has type ‘[01m[Kexample_interfaces::srv::AddTwoInts_Response_<std::allocator<void> >::_sum_type[m[K’ {aka ‘[01m[Klong int[m[K’} [[01;35m[K]8;;https://gcc.gnu.org/onlinedocs/gcc/Warning-Options.html#index-Wformat=-Wformat=]8;;[m[K]
[2.156s]    26 |         RCLCPP_INFO(node->get_logger(), [01;35m[K"%d + %d = %d"[m[K, (int)request->a, (int)request->b, [32m[Kfuture.get()->sum[m[K);
[2.156s]       |                                         [01;35m[K^~~~~~~~~~~~~~[m[K                                    [32m[K~~~~~~~~~~~~~~~~~[m[K
[2.156s]       |                                                                                                         [32m[K|[m[K
[2.156s]       |                                                                                                         [32m[Kexample_interfaces::srv::AddTwoInts_Response_<std::allocator<void> >::_sum_type {aka long int}[m[K
[2.156s] [01m[K/home/farhan-sw/Documents/Github/learn-ros2/section6-services/ros2_ws/src/my_cpp_pkg/src/add_two_ints_client_no_oop.cpp:26:53:[m[K [01;36m[Knote: [m[Kformat string is defined here
[2.156s]    26 |         RCLCPP_INFO(node->get_logger(), "%d + %d = [01;36m[K%d[m[K", (int)request->a, (int)request->b, future.get()->sum);
[2.156s]       |                                                    [01;36m[K~^[m[K
[2.156s]       |                                                     [01;36m[K|[m[K
[2.156s]       |                                                     [01;36m[Kint[m[K
[2.156s]       |                                                    [32m[K%ld[m[K
[2.957s] [100%] [32m[1mLinking CXX executable add_two_ints_client_no_oop[0m
[3.068s] [100%] Built target add_two_ints_client_no_oop
[3.077s] Invoked command in '/home/farhan-sw/Documents/Github/learn-ros2/section6-services/ros2_ws/build/my_cpp_pkg' returned '0': CMAKE_PREFIX_PATH=${CMAKE_PREFIX_PATH}:/home/farhan-sw/Documents/Github/learn-ros2/section6-services/ros2_ws/install/my_py_pkg:/home/farhan-sw/Documents/Github/learn-ros2/section3/ros2_ws/install/my_py_pkg:/opt/ros/humble /usr/bin/cmake --build /home/farhan-sw/Documents/Github/learn-ros2/section6-services/ros2_ws/build/my_cpp_pkg -- -j16 -l16
[3.101s] Invoking command in '/home/farhan-sw/Documents/Github/learn-ros2/section6-services/ros2_ws/build/my_cpp_pkg': CMAKE_PREFIX_PATH=${CMAKE_PREFIX_PATH}:/home/farhan-sw/Documents/Github/learn-ros2/section6-services/ros2_ws/install/my_py_pkg:/home/farhan-sw/Documents/Github/learn-ros2/section3/ros2_ws/install/my_py_pkg:/opt/ros/humble /usr/bin/cmake --install /home/farhan-sw/Documents/Github/learn-ros2/section6-services/ros2_ws/build/my_cpp_pkg
[3.106s] -- Install configuration: ""
[3.106s] -- Up-to-date: /home/farhan-sw/Documents/Github/learn-ros2/section6-services/ros2_ws/install/my_cpp_pkg/lib/my_cpp_pkg/add_two_ints_server
[3.106s] -- Installing: /home/farhan-sw/Documents/Github/learn-ros2/section6-services/ros2_ws/install/my_cpp_pkg/lib/my_cpp_pkg/add_two_ints_client_no_oop
[3.107s] -- Set runtime path of "/home/farhan-sw/Documents/Github/learn-ros2/section6-services/ros2_ws/install/my_cpp_pkg/lib/my_cpp_pkg/add_two_ints_client_no_oop" to ""
[3.107s] -- Up-to-date: /home/farhan-sw/Documents/Github/learn-ros2/section6-services/ros2_ws/install/my_cpp_pkg/share/ament_index/resource_index/package_run_dependencies/my_cpp_pkg
[3.107s] -- Up-to-date: /home/farhan-sw/Documents/Github/learn-ros2/section6-services/ros2_ws/install/my_cpp_pkg/share/ament_index/resource_index/parent_prefix_path/my_cpp_pkg
[3.107s] -- Up-to-date: /home/farhan-sw/Documents/Github/learn-ros2/section6-services/ros2_ws/install/my_cpp_pkg/share/my_cpp_pkg/environment/ament_prefix_path.sh
[3.107s] -- Installing: /home/farhan-sw/Documents/Github/learn-ros2/section6-services/ros2_ws/install/my_cpp_pkg/share/my_cpp_pkg/environment/ament_prefix_path.dsv
[3.107s] -- Up-to-date: /home/farhan-sw/Documents/Github/learn-ros2/section6-services/ros2_ws/install/my_cpp_pkg/share/my_cpp_pkg/environment/path.sh
[3.107s] -- Installing: /home/farhan-sw/Documents/Github/learn-ros2/section6-services/ros2_ws/install/my_cpp_pkg/share/my_cpp_pkg/environment/path.dsv
[3.107s] -- Up-to-date: /home/farhan-sw/Documents/Github/learn-ros2/section6-services/ros2_ws/install/my_cpp_pkg/share/my_cpp_pkg/local_setup.bash
[3.107s] -- Up-to-date: /home/farhan-sw/Documents/Github/learn-ros2/section6-services/ros2_ws/install/my_cpp_pkg/share/my_cpp_pkg/local_setup.sh
[3.107s] -- Up-to-date: /home/farhan-sw/Documents/Github/learn-ros2/section6-services/ros2_ws/install/my_cpp_pkg/share/my_cpp_pkg/local_setup.zsh
[3.107s] -- Installing: /home/farhan-sw/Documents/Github/learn-ros2/section6-services/ros2_ws/install/my_cpp_pkg/share/my_cpp_pkg/local_setup.dsv
[3.107s] -- Installing: /home/farhan-sw/Documents/Github/learn-ros2/section6-services/ros2_ws/install/my_cpp_pkg/share/my_cpp_pkg/package.dsv
[3.107s] -- Up-to-date: /home/farhan-sw/Documents/Github/learn-ros2/section6-services/ros2_ws/install/my_cpp_pkg/share/ament_index/resource_index/packages/my_cpp_pkg
[3.108s] -- Up-to-date: /home/farhan-sw/Documents/Github/learn-ros2/section6-services/ros2_ws/install/my_cpp_pkg/share/my_cpp_pkg/cmake/my_cpp_pkgConfig.cmake
[3.108s] -- Up-to-date: /home/farhan-sw/Documents/Github/learn-ros2/section6-services/ros2_ws/install/my_cpp_pkg/share/my_cpp_pkg/cmake/my_cpp_pkgConfig-version.cmake
[3.108s] -- Up-to-date: /home/farhan-sw/Documents/Github/learn-ros2/section6-services/ros2_ws/install/my_cpp_pkg/share/my_cpp_pkg/package.xml
[3.109s] Invoked command in '/home/farhan-sw/Documents/Github/learn-ros2/section6-services/ros2_ws/build/my_cpp_pkg' returned '0': CMAKE_PREFIX_PATH=${CMAKE_PREFIX_PATH}:/home/farhan-sw/Documents/Github/learn-ros2/section6-services/ros2_ws/install/my_py_pkg:/home/farhan-sw/Documents/Github/learn-ros2/section3/ros2_ws/install/my_py_pkg:/opt/ros/humble /usr/bin/cmake --install /home/farhan-sw/Documents/Github/learn-ros2/section6-services/ros2_ws/build/my_cpp_pkg
