[0.374s] Invoking command in '/home/farhan-sw/Documents/Github/learn-ros2/section3/ros2_ws/src/my_py_pkg': PYTHONPATH=/home/farhan-sw/Documents/Github/learn-ros2/section3/ros2_ws/build/my_py_pkg/prefix_override:/usr/lib/python3/dist-packages/colcon_core/task/python/colcon_distutils_commands:/home/farhan-sw/Documents/Github/learn-ros2/section3/ros2_ws/install/my_py_pkg/lib/python3.10/site-packages:${PYTHONPATH} /usr/bin/python3 -W ignore:setup.py install is deprecated setup.py egg_info --egg-base ../../build/my_py_pkg build --build-base /home/farhan-sw/Documents/Github/learn-ros2/section3/ros2_ws/build/my_py_pkg/build install --record /home/farhan-sw/Documents/Github/learn-ros2/section3/ros2_ws/build/my_py_pkg/install.log --single-version-externally-managed install_data
[0.510s] running egg_info
[0.510s] creating ../../build/my_py_pkg/my_py_pkg.egg-info
[0.510s] writing ../../build/my_py_pkg/my_py_pkg.egg-info/PKG-INFO
[0.510s] writing dependency_links to ../../build/my_py_pkg/my_py_pkg.egg-info/dependency_links.txt
[0.510s] writing entry points to ../../build/my_py_pkg/my_py_pkg.egg-info/entry_points.txt
[0.511s] writing requirements to ../../build/my_py_pkg/my_py_pkg.egg-info/requires.txt
[0.511s] writing top-level names to ../../build/my_py_pkg/my_py_pkg.egg-info/top_level.txt
[0.511s] writing manifest file '../../build/my_py_pkg/my_py_pkg.egg-info/SOURCES.txt'
[0.511s] reading manifest file '../../build/my_py_pkg/my_py_pkg.egg-info/SOURCES.txt'
[0.512s] writing manifest file '../../build/my_py_pkg/my_py_pkg.egg-info/SOURCES.txt'
[0.512s] running build
[0.512s] running build_py
[0.512s] creating /home/farhan-sw/Documents/Github/learn-ros2/section3/ros2_ws/build/my_py_pkg/build
[0.512s] creating /home/farhan-sw/Documents/Github/learn-ros2/section3/ros2_ws/build/my_py_pkg/build/lib
[0.512s] creating /home/farhan-sw/Documents/Github/learn-ros2/section3/ros2_ws/build/my_py_pkg/build/lib/my_py_pkg
[0.512s] copying my_py_pkg/__init__.py -> /home/farhan-sw/Documents/Github/learn-ros2/section3/ros2_ws/build/my_py_pkg/build/lib/my_py_pkg
[0.512s] running install
[0.512s] running install_lib
[0.513s] creating /home/farhan-sw/Documents/Github/learn-ros2/section3/ros2_ws/install/my_py_pkg/lib/python3.10/site-packages/my_py_pkg
[0.513s] copying /home/farhan-sw/Documents/Github/learn-ros2/section3/ros2_ws/build/my_py_pkg/build/lib/my_py_pkg/__init__.py -> /home/farhan-sw/Documents/Github/learn-ros2/section3/ros2_ws/install/my_py_pkg/lib/python3.10/site-packages/my_py_pkg
[0.513s] byte-compiling /home/farhan-sw/Documents/Github/learn-ros2/section3/ros2_ws/install/my_py_pkg/lib/python3.10/site-packages/my_py_pkg/__init__.py to __init__.cpython-310.pyc
[0.513s] running install_data
[0.513s] creating /home/farhan-sw/Documents/Github/learn-ros2/section3/ros2_ws/install/my_py_pkg/share/ament_index
[0.513s] creating /home/farhan-sw/Documents/Github/learn-ros2/section3/ros2_ws/install/my_py_pkg/share/ament_index/resource_index
[0.513s] creating /home/farhan-sw/Documents/Github/learn-ros2/section3/ros2_ws/install/my_py_pkg/share/ament_index/resource_index/packages
[0.513s] copying resource/my_py_pkg -> /home/farhan-sw/Documents/Github/learn-ros2/section3/ros2_ws/install/my_py_pkg/share/ament_index/resource_index/packages
[0.514s] copying package.xml -> /home/farhan-sw/Documents/Github/learn-ros2/section3/ros2_ws/install/my_py_pkg/share/my_py_pkg
[0.514s] running install_egg_info
[0.515s] Copying ../../build/my_py_pkg/my_py_pkg.egg-info to /home/farhan-sw/Documents/Github/learn-ros2/section3/ros2_ws/install/my_py_pkg/lib/python3.10/site-packages/my_py_pkg-0.0.0-py3.10.egg-info
[0.515s] running install_scripts
[0.530s] writing list of installed files to '/home/farhan-sw/Documents/Github/learn-ros2/section3/ros2_ws/build/my_py_pkg/install.log'
[0.545s] Invoked command in '/home/farhan-sw/Documents/Github/learn-ros2/section3/ros2_ws/src/my_py_pkg' returned '0': PYTHONPATH=/home/farhan-sw/Documents/Github/learn-ros2/section3/ros2_ws/build/my_py_pkg/prefix_override:/usr/lib/python3/dist-packages/colcon_core/task/python/colcon_distutils_commands:/home/farhan-sw/Documents/Github/learn-ros2/section3/ros2_ws/install/my_py_pkg/lib/python3.10/site-packages:${PYTHONPATH} /usr/bin/python3 -W ignore:setup.py install is deprecated setup.py egg_info --egg-base ../../build/my_py_pkg build --build-base /home/farhan-sw/Documents/Github/learn-ros2/section3/ros2_ws/build/my_py_pkg/build install --record /home/farhan-sw/Documents/Github/learn-ros2/section3/ros2_ws/build/my_py_pkg/install.log --single-version-externally-managed install_data
