[0.006s] Invoking command in '/home/farhan-sw/Documents/Github/learn-ros2/section6-services/ros2_ws/build/my_cpp_pkg': CMAKE_PREFIX_PATH=${CMAKE_PREFIX_PATH}:/home/farhan-sw/Documents/Github/learn-ros2/section6-services/ros2_ws/install/my_py_pkg:/home/farhan-sw/Documents/Github/learn-ros2/section3/ros2_ws/install/my_py_pkg:/opt/ros/humble /usr/bin/cmake --build /home/farhan-sw/Documents/Github/learn-ros2/section6-services/ros2_ws/build/my_cpp_pkg -- -j16 -l16
[0.021s] -- Found ament_cmake: 1.3.9 (/opt/ros/humble/share/ament_cmake/cmake)
[0.099s] -- Found rclcpp: 16.0.9 (/opt/ros/humble/share/rclcpp/cmake)
[0.115s] -- Found rosidl_generator_c: 3.1.5 (/opt/ros/humble/share/rosidl_generator_c/cmake)
[0.116s] -- Found rosidl_adapter: 3.1.5 (/opt/ros/humble/share/rosidl_adapter/cmake)
[0.120s] -- Found rosidl_generator_cpp: 3.1.5 (/opt/ros/humble/share/rosidl_generator_cpp/cmake)
[0.126s] -- Using all available rosidl_typesupport_c: rosidl_typesupport_fastrtps_c;rosidl_typesupport_introspection_c
[0.135s] -- Using all available rosidl_typesupport_cpp: rosidl_typesupport_fastrtps_cpp;rosidl_typesupport_introspection_cpp
[0.169s] -- Found rmw_implementation_cmake: 6.1.2 (/opt/ros/humble/share/rmw_implementation_cmake/cmake)
[0.170s] -- Found rmw_fastrtps_cpp: 6.2.6 (/opt/ros/humble/share/rmw_fastrtps_cpp/cmake)
[0.236s] -- Using RMW implementation 'rmw_fastrtps_cpp' as default
[0.327s] -- Found example_interfaces: 0.9.3 (/opt/ros/humble/share/example_interfaces/cmake)
[0.448s] -- Configuring done
[0.457s] -- Generating done
[0.458s] -- Build files have been written to: /home/farhan-sw/Documents/Github/learn-ros2/section6-services/ros2_ws/build/my_cpp_pkg
[0.476s] [35m[1mConsolidate compiler generated dependencies of target add_two_ints_server[0m
[0.476s] [35m[1mConsolidate compiler generated dependencies of target add_two_ints_client_no_oop[0m
[0.482s] [ 16%] [32mBuilding CXX object CMakeFiles/add_two_ints_client.dir/src/add_two_ints_client.cpp.o[0m
[0.487s] [ 83%] Built target add_two_ints_server
[0.487s] [ 83%] Built target add_two_ints_client_no_oop
[2.594s] [100%] [32m[1mLinking CXX executable add_two_ints_client[0m
[2.685s] [100%] Built target add_two_ints_client
[2.692s] Invoked command in '/home/farhan-sw/Documents/Github/learn-ros2/section6-services/ros2_ws/build/my_cpp_pkg' returned '0': CMAKE_PREFIX_PATH=${CMAKE_PREFIX_PATH}:/home/farhan-sw/Documents/Github/learn-ros2/section6-services/ros2_ws/install/my_py_pkg:/home/farhan-sw/Documents/Github/learn-ros2/section3/ros2_ws/install/my_py_pkg:/opt/ros/humble /usr/bin/cmake --build /home/farhan-sw/Documents/Github/learn-ros2/section6-services/ros2_ws/build/my_cpp_pkg -- -j16 -l16
[2.718s] Invoking command in '/home/farhan-sw/Documents/Github/learn-ros2/section6-services/ros2_ws/build/my_cpp_pkg': CMAKE_PREFIX_PATH=${CMAKE_PREFIX_PATH}:/home/farhan-sw/Documents/Github/learn-ros2/section6-services/ros2_ws/install/my_py_pkg:/home/farhan-sw/Documents/Github/learn-ros2/section3/ros2_ws/install/my_py_pkg:/opt/ros/humble /usr/bin/cmake --install /home/farhan-sw/Documents/Github/learn-ros2/section6-services/ros2_ws/build/my_cpp_pkg
[2.724s] -- Install configuration: ""
[2.724s] -- Up-to-date: /home/farhan-sw/Documents/Github/learn-ros2/section6-services/ros2_ws/install/my_cpp_pkg/lib/my_cpp_pkg/add_two_ints_server
[2.724s] -- Up-to-date: /home/farhan-sw/Documents/Github/learn-ros2/section6-services/ros2_ws/install/my_cpp_pkg/lib/my_cpp_pkg/add_two_ints_client_no_oop
[2.724s] -- Installing: /home/farhan-sw/Documents/Github/learn-ros2/section6-services/ros2_ws/install/my_cpp_pkg/lib/my_cpp_pkg/add_two_ints_client
[2.725s] -- Set runtime path of "/home/farhan-sw/Documents/Github/learn-ros2/section6-services/ros2_ws/install/my_cpp_pkg/lib/my_cpp_pkg/add_two_ints_client" to ""
[2.725s] -- Up-to-date: /home/farhan-sw/Documents/Github/learn-ros2/section6-services/ros2_ws/install/my_cpp_pkg/share/ament_index/resource_index/package_run_dependencies/my_cpp_pkg
[2.725s] -- Up-to-date: /home/farhan-sw/Documents/Github/learn-ros2/section6-services/ros2_ws/install/my_cpp_pkg/share/ament_index/resource_index/parent_prefix_path/my_cpp_pkg
[2.725s] -- Up-to-date: /home/farhan-sw/Documents/Github/learn-ros2/section6-services/ros2_ws/install/my_cpp_pkg/share/my_cpp_pkg/environment/ament_prefix_path.sh
[2.726s] -- Installing: /home/farhan-sw/Documents/Github/learn-ros2/section6-services/ros2_ws/install/my_cpp_pkg/share/my_cpp_pkg/environment/ament_prefix_path.dsv
[2.726s] -- Up-to-date: /home/farhan-sw/Documents/Github/learn-ros2/section6-services/ros2_ws/install/my_cpp_pkg/share/my_cpp_pkg/environment/path.sh
[2.726s] -- Installing: /home/farhan-sw/Documents/Github/learn-ros2/section6-services/ros2_ws/install/my_cpp_pkg/share/my_cpp_pkg/environment/path.dsv
[2.726s] -- Up-to-date: /home/farhan-sw/Documents/Github/learn-ros2/section6-services/ros2_ws/install/my_cpp_pkg/share/my_cpp_pkg/local_setup.bash
[2.726s] -- Up-to-date: /home/farhan-sw/Documents/Github/learn-ros2/section6-services/ros2_ws/install/my_cpp_pkg/share/my_cpp_pkg/local_setup.sh
[2.726s] -- Up-to-date: /home/farhan-sw/Documents/Github/learn-ros2/section6-services/ros2_ws/install/my_cpp_pkg/share/my_cpp_pkg/local_setup.zsh
[2.726s] -- Installing: /home/farhan-sw/Documents/Github/learn-ros2/section6-services/ros2_ws/install/my_cpp_pkg/share/my_cpp_pkg/local_setup.dsv
[2.726s] -- Installing: /home/farhan-sw/Documents/Github/learn-ros2/section6-services/ros2_ws/install/my_cpp_pkg/share/my_cpp_pkg/package.dsv
[2.726s] -- Up-to-date: /home/farhan-sw/Documents/Github/learn-ros2/section6-services/ros2_ws/install/my_cpp_pkg/share/ament_index/resource_index/packages/my_cpp_pkg
[2.726s] -- Up-to-date: /home/farhan-sw/Documents/Github/learn-ros2/section6-services/ros2_ws/install/my_cpp_pkg/share/my_cpp_pkg/cmake/my_cpp_pkgConfig.cmake
[2.726s] -- Up-to-date: /home/farhan-sw/Documents/Github/learn-ros2/section6-services/ros2_ws/install/my_cpp_pkg/share/my_cpp_pkg/cmake/my_cpp_pkgConfig-version.cmake
[2.726s] -- Up-to-date: /home/farhan-sw/Documents/Github/learn-ros2/section6-services/ros2_ws/install/my_cpp_pkg/share/my_cpp_pkg/package.xml
[2.728s] Invoked command in '/home/farhan-sw/Documents/Github/learn-ros2/section6-services/ros2_ws/build/my_cpp_pkg' returned '0': CMAKE_PREFIX_PATH=${CMAKE_PREFIX_PATH}:/home/farhan-sw/Documents/Github/learn-ros2/section6-services/ros2_ws/install/my_py_pkg:/home/farhan-sw/Documents/Github/learn-ros2/section3/ros2_ws/install/my_py_pkg:/opt/ros/humble /usr/bin/cmake --install /home/farhan-sw/Documents/Github/learn-ros2/section6-services/ros2_ws/build/my_cpp_pkg
