[0.356s] Invoking command in '/home/farhan-sw/Documents/Github/learn-ros2/section3/ros2_ws/src/my_py_pkg': PYTHONPATH=/home/farhan-sw/Documents/Github/learn-ros2/section3/ros2_ws/build/my_py_pkg/prefix_override:/usr/lib/python3/dist-packages/colcon_core/task/python/colcon_distutils_commands:/home/farhan-sw/Documents/Github/learn-ros2/section3/ros2_ws/install/my_py_pkg/lib/python3.10/site-packages:${PYTHONPATH} /usr/bin/python3 -W ignore:setup.py install is deprecated setup.py egg_info --egg-base ../../build/my_py_pkg build --build-base /home/farhan-sw/Documents/Github/learn-ros2/section3/ros2_ws/build/my_py_pkg/build install --record /home/farhan-sw/Documents/Github/learn-ros2/section3/ros2_ws/build/my_py_pkg/install.log --single-version-externally-managed install_data
[0.498s] running egg_info
[0.498s] creating ../../build/my_py_pkg/my_py_pkg.egg-info
[0.498s] writing ../../build/my_py_pkg/my_py_pkg.egg-info/PKG-INFO
[0.498s] writing dependency_links to ../../build/my_py_pkg/my_py_pkg.egg-info/dependency_links.txt
[0.498s] writing entry points to ../../build/my_py_pkg/my_py_pkg.egg-info/entry_points.txt
[0.498s] writing requirements to ../../build/my_py_pkg/my_py_pkg.egg-info/requires.txt
[0.498s] writing top-level names to ../../build/my_py_pkg/my_py_pkg.egg-info/top_level.txt
[0.499s] writing manifest file '../../build/my_py_pkg/my_py_pkg.egg-info/SOURCES.txt'
[0.499s] reading manifest file '../../build/my_py_pkg/my_py_pkg.egg-info/SOURCES.txt'
[0.500s] writing manifest file '../../build/my_py_pkg/my_py_pkg.egg-info/SOURCES.txt'
[0.500s] running build
[0.500s] running build_py
[0.500s] creating /home/farhan-sw/Documents/Github/learn-ros2/section3/ros2_ws/build/my_py_pkg/build
[0.500s] creating /home/farhan-sw/Documents/Github/learn-ros2/section3/ros2_ws/build/my_py_pkg/build/lib
[0.500s] creating /home/farhan-sw/Documents/Github/learn-ros2/section3/ros2_ws/build/my_py_pkg/build/lib/my_py_pkg
[0.500s] copying my_py_pkg/my_first_node.py -> /home/farhan-sw/Documents/Github/learn-ros2/section3/ros2_ws/build/my_py_pkg/build/lib/my_py_pkg
[0.500s] copying my_py_pkg/__init__.py -> /home/farhan-sw/Documents/Github/learn-ros2/section3/ros2_ws/build/my_py_pkg/build/lib/my_py_pkg
[0.500s] copying my_py_pkg/smartphone.py -> /home/farhan-sw/Documents/Github/learn-ros2/section3/ros2_ws/build/my_py_pkg/build/lib/my_py_pkg
[0.500s] copying my_py_pkg/robot_news_station.py -> /home/farhan-sw/Documents/Github/learn-ros2/section3/ros2_ws/build/my_py_pkg/build/lib/my_py_pkg
[0.500s] running install
[0.500s] running install_lib
[0.501s] running install_data
[0.501s] copying resource/my_py_pkg -> /home/farhan-sw/Documents/Github/learn-ros2/section3/ros2_ws/install/my_py_pkg/share/ament_index/resource_index/packages
[0.502s] error: could not create '/home/farhan-sw/Documents/Github/learn-ros2/section3/ros2_ws/install/my_py_pkg/share/ament_index/resource_index/packages/my_py_pkg': No such file or directory
[0.512s] Invoked command in '/home/farhan-sw/Documents/Github/learn-ros2/section3/ros2_ws/src/my_py_pkg' returned '1': PYTHONPATH=/home/farhan-sw/Documents/Github/learn-ros2/section3/ros2_ws/build/my_py_pkg/prefix_override:/usr/lib/python3/dist-packages/colcon_core/task/python/colcon_distutils_commands:/home/farhan-sw/Documents/Github/learn-ros2/section3/ros2_ws/install/my_py_pkg/lib/python3.10/site-packages:${PYTHONPATH} /usr/bin/python3 -W ignore:setup.py install is deprecated setup.py egg_info --egg-base ../../build/my_py_pkg build --build-base /home/farhan-sw/Documents/Github/learn-ros2/section3/ros2_ws/build/my_py_pkg/build install --record /home/farhan-sw/Documents/Github/learn-ros2/section3/ros2_ws/build/my_py_pkg/install.log --single-version-externally-managed install_data
