[0.328s] Invoking command in '/home/farhan-sw/Documents/Github/learn-ros2/section3/ros2_ws/src/my_py_pkg': PYTHONPATH=/home/farhan-sw/Documents/Github/learn-ros2/section3/ros2_ws/build/my_py_pkg/prefix_override:/usr/lib/python3/dist-packages/colcon_core/task/python/colcon_distutils_commands:/home/farhan-sw/Documents/Github/learn-ros2/section3/ros2_ws/install/my_py_pkg/lib/python3.10/site-packages:${PYTHONPATH} /usr/bin/python3 -W ignore:setup.py install is deprecated setup.py egg_info --egg-base ../../build/my_py_pkg build --build-base /home/farhan-sw/Documents/Github/learn-ros2/section3/ros2_ws/build/my_py_pkg/build install --record /home/farhan-sw/Documents/Github/learn-ros2/section3/ros2_ws/build/my_py_pkg/install.log --single-version-externally-managed install_data
[0.455s] running egg_info
[0.456s] writing ../../build/my_py_pkg/my_py_pkg.egg-info/PKG-INFO
[0.456s] writing dependency_links to ../../build/my_py_pkg/my_py_pkg.egg-info/dependency_links.txt
[0.456s] writing entry points to ../../build/my_py_pkg/my_py_pkg.egg-info/entry_points.txt
[0.456s] writing requirements to ../../build/my_py_pkg/my_py_pkg.egg-info/requires.txt
[0.456s] writing top-level names to ../../build/my_py_pkg/my_py_pkg.egg-info/top_level.txt
[0.457s] reading manifest file '../../build/my_py_pkg/my_py_pkg.egg-info/SOURCES.txt'
[0.458s] writing manifest file '../../build/my_py_pkg/my_py_pkg.egg-info/SOURCES.txt'
[0.458s] running build
[0.458s] running build_py
[0.458s] copying my_py_pkg/my_first_node.py -> /home/farhan-sw/Documents/Github/learn-ros2/section3/ros2_ws/build/my_py_pkg/build/lib/my_py_pkg
[0.458s] running install
[0.458s] running install_lib
[0.458s] copying /home/farhan-sw/Documents/Github/learn-ros2/section3/ros2_ws/build/my_py_pkg/build/lib/my_py_pkg/my_first_node.py -> /home/farhan-sw/Documents/Github/learn-ros2/section3/ros2_ws/install/my_py_pkg/lib/python3.10/site-packages/my_py_pkg
[0.459s] byte-compiling /home/farhan-sw/Documents/Github/learn-ros2/section3/ros2_ws/install/my_py_pkg/lib/python3.10/site-packages/my_py_pkg/my_first_node.py to my_first_node.cpython-310.pyc
[0.459s] running install_data
[0.459s] running install_egg_info
[0.460s] removing '/home/farhan-sw/Documents/Github/learn-ros2/section3/ros2_ws/install/my_py_pkg/lib/python3.10/site-packages/my_py_pkg-0.0.0-py3.10.egg-info' (and everything under it)
[0.461s] Copying ../../build/my_py_pkg/my_py_pkg.egg-info to /home/farhan-sw/Documents/Github/learn-ros2/section3/ros2_ws/install/my_py_pkg/lib/python3.10/site-packages/my_py_pkg-0.0.0-py3.10.egg-info
[0.461s] running install_scripts
[0.474s] Installing py_node script to /home/farhan-sw/Documents/Github/learn-ros2/section3/ros2_ws/install/my_py_pkg/lib/my_py_pkg
[0.475s] writing list of installed files to '/home/farhan-sw/Documents/Github/learn-ros2/section3/ros2_ws/build/my_py_pkg/install.log'
[0.488s] Invoked command in '/home/farhan-sw/Documents/Github/learn-ros2/section3/ros2_ws/src/my_py_pkg' returned '0': PYTHONPATH=/home/farhan-sw/Documents/Github/learn-ros2/section3/ros2_ws/build/my_py_pkg/prefix_override:/usr/lib/python3/dist-packages/colcon_core/task/python/colcon_distutils_commands:/home/farhan-sw/Documents/Github/learn-ros2/section3/ros2_ws/install/my_py_pkg/lib/python3.10/site-packages:${PYTHONPATH} /usr/bin/python3 -W ignore:setup.py install is deprecated setup.py egg_info --egg-base ../../build/my_py_pkg build --build-base /home/farhan-sw/Documents/Github/learn-ros2/section3/ros2_ws/build/my_py_pkg/build install --record /home/farhan-sw/Documents/Github/learn-ros2/section3/ros2_ws/build/my_py_pkg/install.log --single-version-externally-managed install_data
