[0.006s] Invoking command in '/home/farhan-sw/Documents/Github/learn-ros2/2-intermediate/ros2_ws/build/my_robot_description': CMAKE_PREFIX_PATH=/opt/ros/humble /usr/bin/cmake --build /home/farhan-sw/Documents/Github/learn-ros2/2-intermediate/ros2_ws/build/my_robot_description -- -j16 -l16
[0.020s] -- Found ament_cmake: 1.3.9 (/opt/ros/humble/share/ament_cmake/cmake)
[0.129s] -- Configuring done
[0.130s] -- Generating done
[0.131s] -- Build files have been written to: /home/farhan-sw/Documents/Github/learn-ros2/2-intermediate/ros2_ws/build/my_robot_description
[0.144s] Invoked command in '/home/farhan-sw/Documents/Github/learn-ros2/2-intermediate/ros2_ws/build/my_robot_description' returned '0': CMAKE_PREFIX_PATH=/opt/ros/humble /usr/bin/cmake --build /home/farhan-sw/Documents/Github/learn-ros2/2-intermediate/ros2_ws/build/my_robot_description -- -j16 -l16
[0.166s] Invoking command in '/home/farhan-sw/Documents/Github/learn-ros2/2-intermediate/ros2_ws/build/my_robot_description': CMAKE_PREFIX_PATH=/opt/ros/humble /usr/bin/cmake --install /home/farhan-sw/Documents/Github/learn-ros2/2-intermediate/ros2_ws/build/my_robot_description
[0.171s] -- Install configuration: ""
[0.171s] -- Up-to-date: /home/farhan-sw/Documents/Github/learn-ros2/2-intermediate/ros2_ws/install/my_robot_description/share/my_robot_description/urdf
[0.171s] -- Up-to-date: /home/farhan-sw/Documents/Github/learn-ros2/2-intermediate/ros2_ws/install/my_robot_description/share/my_robot_description/urdf/my_robot.urdf
[0.171s] -- Installing: /home/farhan-sw/Documents/Github/learn-ros2/2-intermediate/ros2_ws/install/my_robot_description/share/my_robot_description/launch
[0.171s] -- Installing: /home/farhan-sw/Documents/Github/learn-ros2/2-intermediate/ros2_ws/install/my_robot_description/share/my_robot_description/launch/display.launch.xml
[0.171s] -- Up-to-date: /home/farhan-sw/Documents/Github/learn-ros2/2-intermediate/ros2_ws/install/my_robot_description/share/ament_index/resource_index/package_run_dependencies/my_robot_description
[0.171s] -- Up-to-date: /home/farhan-sw/Documents/Github/learn-ros2/2-intermediate/ros2_ws/install/my_robot_description/share/ament_index/resource_index/parent_prefix_path/my_robot_description
[0.171s] -- Up-to-date: /home/farhan-sw/Documents/Github/learn-ros2/2-intermediate/ros2_ws/install/my_robot_description/share/my_robot_description/environment/ament_prefix_path.sh
[0.171s] -- Installing: /home/farhan-sw/Documents/Github/learn-ros2/2-intermediate/ros2_ws/install/my_robot_description/share/my_robot_description/environment/ament_prefix_path.dsv
[0.171s] -- Up-to-date: /home/farhan-sw/Documents/Github/learn-ros2/2-intermediate/ros2_ws/install/my_robot_description/share/my_robot_description/environment/path.sh
[0.171s] -- Installing: /home/farhan-sw/Documents/Github/learn-ros2/2-intermediate/ros2_ws/install/my_robot_description/share/my_robot_description/environment/path.dsv
[0.171s] -- Up-to-date: /home/farhan-sw/Documents/Github/learn-ros2/2-intermediate/ros2_ws/install/my_robot_description/share/my_robot_description/local_setup.bash
[0.171s] -- Up-to-date: /home/farhan-sw/Documents/Github/learn-ros2/2-intermediate/ros2_ws/install/my_robot_description/share/my_robot_description/local_setup.sh
[0.171s] -- Up-to-date: /home/farhan-sw/Documents/Github/learn-ros2/2-intermediate/ros2_ws/install/my_robot_description/share/my_robot_description/local_setup.zsh
[0.171s] -- Installing: /home/farhan-sw/Documents/Github/learn-ros2/2-intermediate/ros2_ws/install/my_robot_description/share/my_robot_description/local_setup.dsv
[0.172s] -- Installing: /home/farhan-sw/Documents/Github/learn-ros2/2-intermediate/ros2_ws/install/my_robot_description/share/my_robot_description/package.dsv
[0.172s] -- Up-to-date: /home/farhan-sw/Documents/Github/learn-ros2/2-intermediate/ros2_ws/install/my_robot_description/share/ament_index/resource_index/packages/my_robot_description
[0.172s] -- Up-to-date: /home/farhan-sw/Documents/Github/learn-ros2/2-intermediate/ros2_ws/install/my_robot_description/share/my_robot_description/cmake/my_robot_descriptionConfig.cmake
[0.172s] -- Up-to-date: /home/farhan-sw/Documents/Github/learn-ros2/2-intermediate/ros2_ws/install/my_robot_description/share/my_robot_description/cmake/my_robot_descriptionConfig-version.cmake
[0.172s] -- Up-to-date: /home/farhan-sw/Documents/Github/learn-ros2/2-intermediate/ros2_ws/install/my_robot_description/share/my_robot_description/package.xml
[0.172s] Invoked command in '/home/farhan-sw/Documents/Github/learn-ros2/2-intermediate/ros2_ws/build/my_robot_description' returned '0': CMAKE_PREFIX_PATH=/opt/ros/humble /usr/bin/cmake --install /home/farhan-sw/Documents/Github/learn-ros2/2-intermediate/ros2_ws/build/my_robot_description
