[0.361s] Invoking command in '/home/farhan-sw/Documents/Github/learn-ros2/section3/ros2_ws/src/my_py_pkg': PYTHONPATH=/home/farhan-sw/Documents/Github/learn-ros2/section3/ros2_ws/build/my_py_pkg/prefix_override:/usr/lib/python3/dist-packages/colcon_core/task/python/colcon_distutils_commands:/home/farhan-sw/Documents/Github/learn-ros2/section3/ros2_ws/install/my_py_pkg/lib/python3.10/site-packages:${PYTHONPATH} /usr/bin/python3 -W ignore:setup.py install is deprecated setup.py egg_info --egg-base ../../build/my_py_pkg build --build-base /home/farhan-sw/Documents/Github/learn-ros2/section3/ros2_ws/build/my_py_pkg/build install --record /home/farhan-sw/Documents/Github/learn-ros2/section3/ros2_ws/build/my_py_pkg/install.log --single-version-externally-managed install_data
[0.493s] running egg_info
[0.494s] writing ../../build/my_py_pkg/my_py_pkg.egg-info/PKG-INFO
[0.494s] writing dependency_links to ../../build/my_py_pkg/my_py_pkg.egg-info/dependency_links.txt
[0.494s] writing entry points to ../../build/my_py_pkg/my_py_pkg.egg-info/entry_points.txt
[0.494s] writing requirements to ../../build/my_py_pkg/my_py_pkg.egg-info/requires.txt
[0.494s] writing top-level names to ../../build/my_py_pkg/my_py_pkg.egg-info/top_level.txt
[0.495s] reading manifest file '../../build/my_py_pkg/my_py_pkg.egg-info/SOURCES.txt'
[0.496s] writing manifest file '../../build/my_py_pkg/my_py_pkg.egg-info/SOURCES.txt'
[0.496s] running build
[0.496s] running build_py
[0.496s] running install
[0.496s] running install_lib
[0.497s] running install_data
[0.497s] running install_egg_info
[0.498s] removing '/home/farhan-sw/Documents/Github/learn-ros2/section3/ros2_ws/install/my_py_pkg/lib/python3.10/site-packages/my_py_pkg-0.0.0-py3.10.egg-info' (and everything under it)
[0.498s] Copying ../../build/my_py_pkg/my_py_pkg.egg-info to /home/farhan-sw/Documents/Github/learn-ros2/section3/ros2_ws/install/my_py_pkg/lib/python3.10/site-packages/my_py_pkg-0.0.0-py3.10.egg-info
[0.499s] running install_scripts
[0.512s] Installing py_node script to /home/farhan-sw/Documents/Github/learn-ros2/section3/ros2_ws/install/my_py_pkg/lib/my_py_pkg
[0.512s] writing list of installed files to '/home/farhan-sw/Documents/Github/learn-ros2/section3/ros2_ws/build/my_py_pkg/install.log'
[0.531s] Invoked command in '/home/farhan-sw/Documents/Github/learn-ros2/section3/ros2_ws/src/my_py_pkg' returned '0': PYTHONPATH=/home/farhan-sw/Documents/Github/learn-ros2/section3/ros2_ws/build/my_py_pkg/prefix_override:/usr/lib/python3/dist-packages/colcon_core/task/python/colcon_distutils_commands:/home/farhan-sw/Documents/Github/learn-ros2/section3/ros2_ws/install/my_py_pkg/lib/python3.10/site-packages:${PYTHONPATH} /usr/bin/python3 -W ignore:setup.py install is deprecated setup.py egg_info --egg-base ../../build/my_py_pkg build --build-base /home/farhan-sw/Documents/Github/learn-ros2/section3/ros2_ws/build/my_py_pkg/build install --record /home/farhan-sw/Documents/Github/learn-ros2/section3/ros2_ws/build/my_py_pkg/install.log --single-version-externally-managed install_data
